{"/Users/migleberesineviciute/Documents/GitHub/omnium/server/controllers/cyclist.js":{"path":"/Users/migleberesineviciute/Documents/GitHub/omnium/server/controllers/cyclist.js","statementMap":{"0":{"start":{"line":3,"column":15},"end":{"line":3,"column":42}},"1":{"start":{"line":4,"column":39},"end":{"line":4,"column":65}},"2":{"start":{"line":5,"column":27},"end":{"line":5,"column":63}},"3":{"start":{"line":6,"column":14},"end":{"line":6,"column":32}},"4":{"start":{"line":7,"column":15},"end":{"line":7,"column":45}},"5":{"start":{"line":11,"column":2},"end":{"line":11,"column":41}},"6":{"start":{"line":12,"column":2},"end":{"line":17,"column":4}},"7":{"start":{"line":13,"column":4},"end":{"line":13,"column":21}},"8":{"start":{"line":15,"column":4},"end":{"line":15,"column":19}},"9":{"start":{"line":16,"column":4},"end":{"line":16,"column":39}},"10":{"start":{"line":21,"column":2},"end":{"line":21,"column":54}},"11":{"start":{"line":22,"column":2},"end":{"line":32,"column":4}},"12":{"start":{"line":28,"column":4},"end":{"line":28,"column":21}},"13":{"start":{"line":30,"column":4},"end":{"line":30,"column":19}},"14":{"start":{"line":31,"column":4},"end":{"line":31,"column":39}},"15":{"start":{"line":36,"column":2},"end":{"line":36,"column":50}},"16":{"start":{"line":37,"column":2},"end":{"line":46,"column":4}},"17":{"start":{"line":42,"column":4},"end":{"line":42,"column":21}},"18":{"start":{"line":44,"column":4},"end":{"line":44,"column":19}},"19":{"start":{"line":45,"column":4},"end":{"line":45,"column":39}},"20":{"start":{"line":50,"column":2},"end":{"line":50,"column":28}},"21":{"start":{"line":51,"column":13},"end":{"line":51,"column":41}},"22":{"start":{"line":52,"column":2},"end":{"line":57,"column":4}},"23":{"start":{"line":53,"column":4},"end":{"line":53,"column":21}},"24":{"start":{"line":55,"column":4},"end":{"line":55,"column":19}},"25":{"start":{"line":56,"column":4},"end":{"line":56,"column":39}},"26":{"start":{"line":61,"column":2},"end":{"line":61,"column":41}},"27":{"start":{"line":62,"column":22},"end":{"line":62,"column":30}},"28":{"start":{"line":63,"column":2},"end":{"line":63,"column":23}},"29":{"start":{"line":64,"column":2},"end":{"line":120,"column":4}},"30":{"start":{"line":71,"column":4},"end":{"line":116,"column":5}},"31":{"start":{"line":72,"column":6},"end":{"line":85,"column":8}},"32":{"start":{"line":84,"column":8},"end":{"line":84,"column":32}},"33":{"start":{"line":87,"column":27},"end":{"line":87,"column":38}},"34":{"start":{"line":88,"column":6},"end":{"line":115,"column":8}},"35":{"start":{"line":96,"column":8},"end":{"line":114,"column":10}},"36":{"start":{"line":112,"column":10},"end":{"line":112,"column":25}},"37":{"start":{"line":113,"column":10},"end":{"line":113,"column":25}},"38":{"start":{"line":118,"column":4},"end":{"line":118,"column":19}},"39":{"start":{"line":119,"column":4},"end":{"line":119,"column":39}},"40":{"start":{"line":124,"column":2},"end":{"line":124,"column":31}},"41":{"start":{"line":125,"column":2},"end":{"line":140,"column":4}},"42":{"start":{"line":136,"column":4},"end":{"line":136,"column":21}},"43":{"start":{"line":138,"column":4},"end":{"line":138,"column":19}},"44":{"start":{"line":139,"column":4},"end":{"line":139,"column":39}},"45":{"start":{"line":144,"column":2},"end":{"line":144,"column":33}},"46":{"start":{"line":145,"column":13},"end":{"line":145,"column":41}},"47":{"start":{"line":146,"column":2},"end":{"line":167,"column":4}},"48":{"start":{"line":147,"column":4},"end":{"line":166,"column":5}},"49":{"start":{"line":148,"column":6},"end":{"line":165,"column":8}},"50":{"start":{"line":159,"column":8},"end":{"line":159,"column":32}},"51":{"start":{"line":160,"column":8},"end":{"line":160,"column":23}},"52":{"start":{"line":162,"column":8},"end":{"line":162,"column":23}},"53":{"start":{"line":163,"column":8},"end":{"line":163,"column":24}},"54":{"start":{"line":164,"column":8},"end":{"line":164,"column":41}},"55":{"start":{"line":171,"column":2},"end":{"line":171,"column":34}},"56":{"start":{"line":172,"column":13},"end":{"line":172,"column":41}},"57":{"start":{"line":173,"column":2},"end":{"line":218,"column":4}},"58":{"start":{"line":174,"column":4},"end":{"line":217,"column":5}},"59":{"start":{"line":175,"column":6},"end":{"line":216,"column":8}},"60":{"start":{"line":180,"column":8},"end":{"line":215,"column":9}},"61":{"start":{"line":181,"column":10},"end":{"line":214,"column":12}},"62":{"start":{"line":184,"column":12},"end":{"line":208,"column":14}},"63":{"start":{"line":192,"column":14},"end":{"line":207,"column":16}},"64":{"start":{"line":209,"column":12},"end":{"line":209,"column":36}},"65":{"start":{"line":210,"column":12},"end":{"line":210,"column":27}},"66":{"start":{"line":212,"column":12},"end":{"line":212,"column":27}},"67":{"start":{"line":213,"column":12},"end":{"line":213,"column":45}},"68":{"start":{"line":222,"column":2},"end":{"line":222,"column":31}},"69":{"start":{"line":223,"column":13},"end":{"line":223,"column":41}},"70":{"start":{"line":224,"column":2},"end":{"line":227,"column":4}},"71":{"start":{"line":225,"column":4},"end":{"line":225,"column":19}},"72":{"start":{"line":226,"column":4},"end":{"line":226,"column":14}},"73":{"start":{"line":231,"column":2},"end":{"line":231,"column":41}},"74":{"start":{"line":233,"column":17},"end":{"line":233,"column":42}},"75":{"start":{"line":234,"column":2},"end":{"line":245,"column":4}},"76":{"start":{"line":240,"column":4},"end":{"line":240,"column":22}},"77":{"start":{"line":241,"column":4},"end":{"line":241,"column":19}},"78":{"start":{"line":243,"column":4},"end":{"line":243,"column":19}},"79":{"start":{"line":244,"column":4},"end":{"line":244,"column":37}},"80":{"start":{"line":249,"column":2},"end":{"line":249,"column":52}},"81":{"start":{"line":250,"column":2},"end":{"line":260,"column":4}},"82":{"start":{"line":255,"column":4},"end":{"line":255,"column":22}},"83":{"start":{"line":256,"column":4},"end":{"line":256,"column":19}},"84":{"start":{"line":258,"column":4},"end":{"line":258,"column":19}},"85":{"start":{"line":259,"column":4},"end":{"line":259,"column":37}},"86":{"start":{"line":264,"column":2},"end":{"line":291,"column":3}},"87":{"start":{"line":265,"column":4},"end":{"line":290,"column":6}},"88":{"start":{"line":266,"column":20},"end":{"line":272,"column":15}},"89":{"start":{"line":273,"column":6},"end":{"line":289,"column":7}},"90":{"start":{"line":274,"column":8},"end":{"line":288,"column":10}},"91":{"start":{"line":285,"column":10},"end":{"line":285,"column":44}},"92":{"start":{"line":287,"column":10},"end":{"line":287,"column":54}},"93":{"start":{"line":294,"column":21},"end":{"line":294,"column":38}},"94":{"start":{"line":295,"column":2},"end":{"line":297,"column":3}},"95":{"start":{"line":296,"column":4},"end":{"line":296,"column":16}},"96":{"start":{"line":298,"column":2},"end":{"line":300,"column":3}},"97":{"start":{"line":299,"column":4},"end":{"line":299,"column":16}},"98":{"start":{"line":301,"column":2},"end":{"line":303,"column":3}},"99":{"start":{"line":302,"column":4},"end":{"line":302,"column":16}},"100":{"start":{"line":304,"column":2},"end":{"line":306,"column":3}},"101":{"start":{"line":305,"column":4},"end":{"line":305,"column":16}},"102":{"start":{"line":307,"column":2},"end":{"line":309,"column":3}},"103":{"start":{"line":308,"column":4},"end":{"line":308,"column":16}},"104":{"start":{"line":310,"column":2},"end":{"line":312,"column":3}},"105":{"start":{"line":311,"column":4},"end":{"line":311,"column":16}},"106":{"start":{"line":313,"column":2},"end":{"line":315,"column":3}},"107":{"start":{"line":314,"column":4},"end":{"line":314,"column":16}},"108":{"start":{"line":316,"column":2},"end":{"line":316,"column":13}},"109":{"start":{"line":320,"column":2},"end":{"line":320,"column":28}},"110":{"start":{"line":321,"column":2},"end":{"line":321,"column":34}},"111":{"start":{"line":322,"column":2},"end":{"line":353,"column":3}},"112":{"start":{"line":323,"column":21},"end":{"line":323,"column":23}},"113":{"start":{"line":324,"column":4},"end":{"line":324,"column":33}},"114":{"start":{"line":325,"column":4},"end":{"line":325,"column":19}},"115":{"start":{"line":326,"column":21},"end":{"line":326,"column":41}},"116":{"start":{"line":327,"column":4},"end":{"line":349,"column":8}},"117":{"start":{"line":329,"column":26},"end":{"line":329,"column":63}},"118":{"start":{"line":330,"column":8},"end":{"line":347,"column":9}},"119":{"start":{"line":331,"column":10},"end":{"line":346,"column":12}},"120":{"start":{"line":332,"column":12},"end":{"line":345,"column":13}},"121":{"start":{"line":333,"column":30},"end":{"line":343,"column":15}},"122":{"start":{"line":344,"column":14},"end":{"line":344,"column":36}},"123":{"start":{"line":348,"column":8},"end":{"line":348,"column":48}},"124":{"start":{"line":351,"column":4},"end":{"line":351,"column":57}},"125":{"start":{"line":352,"column":4},"end":{"line":352,"column":19}},"126":{"start":{"line":356,"column":0},"end":{"line":356,"column":44}},"127":{"start":{"line":357,"column":0},"end":{"line":357,"column":61}},"128":{"start":{"line":358,"column":0},"end":{"line":358,"column":67}},"129":{"start":{"line":359,"column":0},"end":{"line":359,"column":50}},"130":{"start":{"line":360,"column":0},"end":{"line":360,"column":43}},"131":{"start":{"line":361,"column":0},"end":{"line":361,"column":61}},"132":{"start":{"line":362,"column":0},"end":{"line":362,"column":51}},"133":{"start":{"line":363,"column":0},"end":{"line":363,"column":75}},"134":{"start":{"line":364,"column":0},"end":{"line":364,"column":59}},"135":{"start":{"line":365,"column":0},"end":{"line":365,"column":62}},"136":{"start":{"line":366,"column":0},"end":{"line":366,"column":56}},"137":{"start":{"line":367,"column":0},"end":{"line":367,"column":42}},"138":{"start":{"line":369,"column":0},"end":{"line":383,"column":1}}},"fnMap":{"0":{"name":"getCyclistsList","decl":{"start":{"line":10,"column":15},"end":{"line":10,"column":30}},"loc":{"start":{"line":10,"column":41},"end":{"line":18,"column":1}},"line":10},"1":{"name":"(anonymous_1)","decl":{"start":{"line":12,"column":27},"end":{"line":12,"column":28}},"loc":{"start":{"line":12,"column":40},"end":{"line":14,"column":3}},"line":12},"2":{"name":"(anonymous_2)","decl":{"start":{"line":14,"column":11},"end":{"line":14,"column":12}},"loc":{"start":{"line":14,"column":22},"end":{"line":17,"column":3}},"line":14},"3":{"name":"getCyclistsListNotApproved","decl":{"start":{"line":20,"column":15},"end":{"line":20,"column":41}},"loc":{"start":{"line":20,"column":52},"end":{"line":33,"column":1}},"line":20},"4":{"name":"(anonymous_4)","decl":{"start":{"line":27,"column":10},"end":{"line":27,"column":11}},"loc":{"start":{"line":27,"column":23},"end":{"line":29,"column":3}},"line":27},"5":{"name":"(anonymous_5)","decl":{"start":{"line":29,"column":11},"end":{"line":29,"column":12}},"loc":{"start":{"line":29,"column":22},"end":{"line":32,"column":3}},"line":29},"6":{"name":"getCyclistsListApproved","decl":{"start":{"line":35,"column":15},"end":{"line":35,"column":38}},"loc":{"start":{"line":35,"column":49},"end":{"line":47,"column":1}},"line":35},"7":{"name":"(anonymous_7)","decl":{"start":{"line":41,"column":10},"end":{"line":41,"column":11}},"loc":{"start":{"line":41,"column":23},"end":{"line":43,"column":3}},"line":41},"8":{"name":"(anonymous_8)","decl":{"start":{"line":43,"column":11},"end":{"line":43,"column":12}},"loc":{"start":{"line":43,"column":22},"end":{"line":46,"column":3}},"line":43},"9":{"name":"getCyclist","decl":{"start":{"line":49,"column":15},"end":{"line":49,"column":25}},"loc":{"start":{"line":49,"column":36},"end":{"line":58,"column":1}},"line":49},"10":{"name":"(anonymous_10)","decl":{"start":{"line":52,"column":28},"end":{"line":52,"column":29}},"loc":{"start":{"line":52,"column":41},"end":{"line":54,"column":3}},"line":52},"11":{"name":"(anonymous_11)","decl":{"start":{"line":54,"column":11},"end":{"line":54,"column":12}},"loc":{"start":{"line":54,"column":22},"end":{"line":57,"column":3}},"line":54},"12":{"name":"createCyclistsFromMyTeam","decl":{"start":{"line":60,"column":15},"end":{"line":60,"column":39}},"loc":{"start":{"line":60,"column":50},"end":{"line":121,"column":1}},"line":60},"13":{"name":"(anonymous_13)","decl":{"start":{"line":70,"column":10},"end":{"line":70,"column":11}},"loc":{"start":{"line":70,"column":24},"end":{"line":117,"column":3}},"line":70},"14":{"name":"(anonymous_14)","decl":{"start":{"line":83,"column":14},"end":{"line":83,"column":15}},"loc":{"start":{"line":83,"column":34},"end":{"line":85,"column":7}},"line":83},"15":{"name":"(anonymous_15)","decl":{"start":{"line":95,"column":14},"end":{"line":95,"column":15}},"loc":{"start":{"line":95,"column":24},"end":{"line":115,"column":7}},"line":95},"16":{"name":"(anonymous_16)","decl":{"start":{"line":111,"column":16},"end":{"line":111,"column":17}},"loc":{"start":{"line":111,"column":27},"end":{"line":114,"column":9}},"line":111},"17":{"name":"(anonymous_17)","decl":{"start":{"line":117,"column":11},"end":{"line":117,"column":12}},"loc":{"start":{"line":117,"column":22},"end":{"line":120,"column":3}},"line":117},"18":{"name":"createCyclist","decl":{"start":{"line":123,"column":15},"end":{"line":123,"column":28}},"loc":{"start":{"line":123,"column":39},"end":{"line":141,"column":1}},"line":123},"19":{"name":"(anonymous_19)","decl":{"start":{"line":135,"column":10},"end":{"line":135,"column":11}},"loc":{"start":{"line":135,"column":23},"end":{"line":137,"column":3}},"line":135},"20":{"name":"(anonymous_20)","decl":{"start":{"line":137,"column":11},"end":{"line":137,"column":12}},"loc":{"start":{"line":137,"column":22},"end":{"line":140,"column":3}},"line":137},"21":{"name":"editCyclist","decl":{"start":{"line":143,"column":15},"end":{"line":143,"column":26}},"loc":{"start":{"line":143,"column":37},"end":{"line":168,"column":1}},"line":143},"22":{"name":"(anonymous_22)","decl":{"start":{"line":146,"column":28},"end":{"line":146,"column":29}},"loc":{"start":{"line":146,"column":41},"end":{"line":167,"column":3}},"line":146},"23":{"name":"(anonymous_23)","decl":{"start":{"line":158,"column":14},"end":{"line":158,"column":15}},"loc":{"start":{"line":158,"column":34},"end":{"line":161,"column":7}},"line":158},"24":{"name":"(anonymous_24)","decl":{"start":{"line":161,"column":15},"end":{"line":161,"column":16}},"loc":{"start":{"line":161,"column":24},"end":{"line":165,"column":7}},"line":161},"25":{"name":"approveCyclist","decl":{"start":{"line":170,"column":15},"end":{"line":170,"column":29}},"loc":{"start":{"line":170,"column":40},"end":{"line":219,"column":1}},"line":170},"26":{"name":"(anonymous_26)","decl":{"start":{"line":173,"column":28},"end":{"line":173,"column":29}},"loc":{"start":{"line":173,"column":41},"end":{"line":218,"column":3}},"line":173},"27":{"name":"(anonymous_27)","decl":{"start":{"line":179,"column":14},"end":{"line":179,"column":15}},"loc":{"start":{"line":179,"column":31},"end":{"line":216,"column":7}},"line":179},"28":{"name":"(anonymous_28)","decl":{"start":{"line":183,"column":18},"end":{"line":183,"column":19}},"loc":{"start":{"line":183,"column":38},"end":{"line":211,"column":11}},"line":183},"29":{"name":"(anonymous_29)","decl":{"start":{"line":191,"column":20},"end":{"line":191,"column":21}},"loc":{"start":{"line":191,"column":30},"end":{"line":208,"column":13}},"line":191},"30":{"name":"(anonymous_30)","decl":{"start":{"line":211,"column":19},"end":{"line":211,"column":20}},"loc":{"start":{"line":211,"column":28},"end":{"line":214,"column":11}},"line":211},"31":{"name":"deleteCyclist","decl":{"start":{"line":221,"column":15},"end":{"line":221,"column":28}},"loc":{"start":{"line":221,"column":39},"end":{"line":228,"column":1}},"line":221},"32":{"name":"(anonymous_32)","decl":{"start":{"line":224,"column":42},"end":{"line":224,"column":43}},"loc":{"start":{"line":224,"column":48},"end":{"line":227,"column":3}},"line":224},"33":{"name":"getScoreCyclists","decl":{"start":{"line":230,"column":15},"end":{"line":230,"column":31}},"loc":{"start":{"line":230,"column":42},"end":{"line":246,"column":1}},"line":230},"34":{"name":"(anonymous_34)","decl":{"start":{"line":239,"column":10},"end":{"line":239,"column":11}},"loc":{"start":{"line":239,"column":24},"end":{"line":242,"column":3}},"line":239},"35":{"name":"(anonymous_35)","decl":{"start":{"line":242,"column":11},"end":{"line":242,"column":12}},"loc":{"start":{"line":242,"column":20},"end":{"line":245,"column":3}},"line":242},"36":{"name":"listOfCyclisttoApprove","decl":{"start":{"line":248,"column":15},"end":{"line":248,"column":37}},"loc":{"start":{"line":248,"column":48},"end":{"line":261,"column":1}},"line":248},"37":{"name":"(anonymous_37)","decl":{"start":{"line":254,"column":10},"end":{"line":254,"column":11}},"loc":{"start":{"line":254,"column":24},"end":{"line":257,"column":3}},"line":254},"38":{"name":"(anonymous_38)","decl":{"start":{"line":257,"column":11},"end":{"line":257,"column":12}},"loc":{"start":{"line":257,"column":20},"end":{"line":260,"column":3}},"line":257},"39":{"name":"createCyclistsFromRegistration","decl":{"start":{"line":263,"column":15},"end":{"line":263,"column":45}},"loc":{"start":{"line":263,"column":56},"end":{"line":292,"column":1}},"line":263},"40":{"name":"(anonymous_40)","decl":{"start":{"line":265,"column":21},"end":{"line":265,"column":22}},"loc":{"start":{"line":265,"column":40},"end":{"line":290,"column":5}},"line":265},"41":{"name":"(anonymous_41)","decl":{"start":{"line":284,"column":16},"end":{"line":284,"column":17}},"loc":{"start":{"line":284,"column":22},"end":{"line":286,"column":9}},"line":284},"42":{"name":"(anonymous_42)","decl":{"start":{"line":286,"column":17},"end":{"line":286,"column":18}},"loc":{"start":{"line":286,"column":28},"end":{"line":288,"column":9}},"line":286},"43":{"name":"validateRow","decl":{"start":{"line":293,"column":9},"end":{"line":293,"column":20}},"loc":{"start":{"line":293,"column":26},"end":{"line":317,"column":1}},"line":293},"44":{"name":"fileUpload","decl":{"start":{"line":319,"column":15},"end":{"line":319,"column":25}},"loc":{"start":{"line":319,"column":36},"end":{"line":354,"column":1}},"line":319},"45":{"name":"(anonymous_45)","decl":{"start":{"line":328,"column":12},"end":{"line":328,"column":13}},"loc":{"start":{"line":328,"column":18},"end":{"line":349,"column":7}},"line":328},"46":{"name":"(anonymous_46)","decl":{"start":{"line":331,"column":53},"end":{"line":331,"column":54}},"loc":{"start":{"line":331,"column":73},"end":{"line":346,"column":11}},"line":331}},"branchMap":{"0":{"loc":{"start":{"line":71,"column":4},"end":{"line":116,"column":5}},"type":"if","locations":[{"start":{"line":71,"column":4},"end":{"line":116,"column":5}},{"start":{"line":71,"column":4},"end":{"line":116,"column":5}}],"line":71},"1":{"loc":{"start":{"line":147,"column":4},"end":{"line":166,"column":5}},"type":"if","locations":[{"start":{"line":147,"column":4},"end":{"line":166,"column":5}},{"start":{"line":147,"column":4},"end":{"line":166,"column":5}}],"line":147},"2":{"loc":{"start":{"line":174,"column":4},"end":{"line":217,"column":5}},"type":"if","locations":[{"start":{"line":174,"column":4},"end":{"line":217,"column":5}},{"start":{"line":174,"column":4},"end":{"line":217,"column":5}}],"line":174},"3":{"loc":{"start":{"line":180,"column":8},"end":{"line":215,"column":9}},"type":"if","locations":[{"start":{"line":180,"column":8},"end":{"line":215,"column":9}},{"start":{"line":180,"column":8},"end":{"line":215,"column":9}}],"line":180},"4":{"loc":{"start":{"line":264,"column":2},"end":{"line":291,"column":3}},"type":"if","locations":[{"start":{"line":264,"column":2},"end":{"line":291,"column":3}},{"start":{"line":264,"column":2},"end":{"line":291,"column":3}}],"line":264},"5":{"loc":{"start":{"line":273,"column":6},"end":{"line":289,"column":7}},"type":"if","locations":[{"start":{"line":273,"column":6},"end":{"line":289,"column":7}},{"start":{"line":273,"column":6},"end":{"line":289,"column":7}}],"line":273},"6":{"loc":{"start":{"line":295,"column":2},"end":{"line":297,"column":3}},"type":"if","locations":[{"start":{"line":295,"column":2},"end":{"line":297,"column":3}},{"start":{"line":295,"column":2},"end":{"line":297,"column":3}}],"line":295},"7":{"loc":{"start":{"line":298,"column":2},"end":{"line":300,"column":3}},"type":"if","locations":[{"start":{"line":298,"column":2},"end":{"line":300,"column":3}},{"start":{"line":298,"column":2},"end":{"line":300,"column":3}}],"line":298},"8":{"loc":{"start":{"line":301,"column":2},"end":{"line":303,"column":3}},"type":"if","locations":[{"start":{"line":301,"column":2},"end":{"line":303,"column":3}},{"start":{"line":301,"column":2},"end":{"line":303,"column":3}}],"line":301},"9":{"loc":{"start":{"line":304,"column":2},"end":{"line":306,"column":3}},"type":"if","locations":[{"start":{"line":304,"column":2},"end":{"line":306,"column":3}},{"start":{"line":304,"column":2},"end":{"line":306,"column":3}}],"line":304},"10":{"loc":{"start":{"line":307,"column":2},"end":{"line":309,"column":3}},"type":"if","locations":[{"start":{"line":307,"column":2},"end":{"line":309,"column":3}},{"start":{"line":307,"column":2},"end":{"line":309,"column":3}}],"line":307},"11":{"loc":{"start":{"line":310,"column":2},"end":{"line":312,"column":3}},"type":"if","locations":[{"start":{"line":310,"column":2},"end":{"line":312,"column":3}},{"start":{"line":310,"column":2},"end":{"line":312,"column":3}}],"line":310},"12":{"loc":{"start":{"line":313,"column":2},"end":{"line":315,"column":3}},"type":"if","locations":[{"start":{"line":313,"column":2},"end":{"line":315,"column":3}},{"start":{"line":313,"column":2},"end":{"line":315,"column":3}}],"line":313},"13":{"loc":{"start":{"line":322,"column":2},"end":{"line":353,"column":3}},"type":"if","locations":[{"start":{"line":322,"column":2},"end":{"line":353,"column":3}},{"start":{"line":322,"column":2},"end":{"line":353,"column":3}}],"line":322},"14":{"loc":{"start":{"line":330,"column":8},"end":{"line":347,"column":9}},"type":"if","locations":[{"start":{"line":330,"column":8},"end":{"line":347,"column":9}},{"start":{"line":330,"column":8},"end":{"line":347,"column":9}}],"line":330},"15":{"loc":{"start":{"line":332,"column":12},"end":{"line":345,"column":13}},"type":"if","locations":[{"start":{"line":332,"column":12},"end":{"line":345,"column":13}},{"start":{"line":332,"column":12},"end":{"line":345,"column":13}}],"line":332},"16":{"loc":{"start":{"line":332,"column":16},"end":{"line":332,"column":79}},"type":"binary-expr","locations":[{"start":{"line":332,"column":16},"end":{"line":332,"column":31}},{"start":{"line":332,"column":35},"end":{"line":332,"column":51}},{"start":{"line":332,"column":55},"end":{"line":332,"column":79}}],"line":332}},"s":{"0":1,"1":1,"2":1,"3":1,"4":1,"5":1,"6":1,"7":1,"8":0,"9":0,"10":1,"11":1,"12":1,"13":0,"14":0,"15":1,"16":1,"17":1,"18":0,"19":0,"20":1,"21":1,"22":1,"23":1,"24":0,"25":0,"26":0,"27":0,"28":0,"29":0,"30":0,"31":0,"32":0,"33":0,"34":0,"35":0,"36":0,"37":0,"38":0,"39":0,"40":0,"41":0,"42":0,"43":0,"44":0,"45":0,"46":0,"47":0,"48":0,"49":0,"50":0,"51":0,"52":0,"53":0,"54":0,"55":0,"56":0,"57":0,"58":0,"59":0,"60":0,"61":0,"62":0,"63":0,"64":0,"65":0,"66":0,"67":0,"68":0,"69":0,"70":0,"71":0,"72":0,"73":0,"74":0,"75":0,"76":0,"77":0,"78":0,"79":0,"80":0,"81":0,"82":0,"83":0,"84":0,"85":0,"86":0,"87":0,"88":0,"89":0,"90":0,"91":0,"92":0,"93":0,"94":0,"95":0,"96":0,"97":0,"98":0,"99":0,"100":0,"101":0,"102":0,"103":0,"104":0,"105":0,"106":0,"107":0,"108":0,"109":0,"110":0,"111":0,"112":0,"113":0,"114":0,"115":0,"116":0,"117":0,"118":0,"119":0,"120":0,"121":0,"122":0,"123":0,"124":0,"125":0,"126":1,"127":1,"128":1,"129":1,"130":1,"131":1,"132":1,"133":1,"134":1,"135":1,"136":1,"137":1,"138":1},"f":{"0":1,"1":1,"2":0,"3":1,"4":1,"5":0,"6":1,"7":1,"8":0,"9":1,"10":1,"11":0,"12":0,"13":0,"14":0,"15":0,"16":0,"17":0,"18":0,"19":0,"20":0,"21":0,"22":0,"23":0,"24":0,"25":0,"26":0,"27":0,"28":0,"29":0,"30":0,"31":0,"32":0,"33":0,"34":0,"35":0,"36":0,"37":0,"38":0,"39":0,"40":0,"41":0,"42":0,"43":0,"44":0,"45":0,"46":0},"b":{"0":[0,0],"1":[0,0],"2":[0,0],"3":[0,0],"4":[0,0],"5":[0,0],"6":[0,0],"7":[0,0],"8":[0,0],"9":[0,0],"10":[0,0],"11":[0,0],"12":[0,0],"13":[0,0],"14":[0,0],"15":[0,0],"16":[0,0,0]},"_coverageSchema":"332fd63041d2c1bcb487cc26dd0d5f7d97098a6c","hash":"ea49cfc8046a538ff5de560c9f411a626504c9da","contentHash":"c36dcff1599aefde15e35f4fe024074f_11.7.3"},"/Users/migleberesineviciute/Documents/GitHub/omnium/server/models/index.js":{"path":"/Users/migleberesineviciute/Documents/GitHub/omnium/server/models/index.js","statementMap":{"0":{"start":{"line":3,"column":16},"end":{"line":3,"column":29}},"1":{"start":{"line":4,"column":16},"end":{"line":4,"column":31}},"2":{"start":{"line":5,"column":16},"end":{"line":5,"column":36}},"3":{"start":{"line":6,"column":16},"end":{"line":6,"column":41}},"4":{"start":{"line":7,"column":16},"end":{"line":7,"column":53}},"5":{"start":{"line":8,"column":16},"end":{"line":8,"column":66}},"6":{"start":{"line":9,"column":16},"end":{"line":9,"column":18}},"7":{"start":{"line":11,"column":0},"end":{"line":15,"column":1}},"8":{"start":{"line":12,"column":18},"end":{"line":12,"column":77}},"9":{"start":{"line":14,"column":18},"end":{"line":14,"column":90}},"10":{"start":{"line":17,"column":0},"end":{"line":25,"column":5}},"11":{"start":{"line":20,"column":4},"end":{"line":20,"column":90}},"12":{"start":{"line":23,"column":16},"end":{"line":23,"column":63}},"13":{"start":{"line":24,"column":4},"end":{"line":24,"column":27}},"14":{"start":{"line":27,"column":0},"end":{"line":31,"column":3}},"15":{"start":{"line":28,"column":2},"end":{"line":30,"column":3}},"16":{"start":{"line":29,"column":4},"end":{"line":29,"column":32}},"17":{"start":{"line":33,"column":0},"end":{"line":33,"column":25}},"18":{"start":{"line":34,"column":0},"end":{"line":34,"column":25}},"19":{"start":{"line":36,"column":0},"end":{"line":36,"column":20}}},"fnMap":{"0":{"name":"(anonymous_0)","decl":{"start":{"line":19,"column":10},"end":{"line":19,"column":11}},"loc":{"start":{"line":19,"column":18},"end":{"line":21,"column":3}},"line":19},"1":{"name":"(anonymous_1)","decl":{"start":{"line":22,"column":11},"end":{"line":22,"column":12}},"loc":{"start":{"line":22,"column":19},"end":{"line":25,"column":3}},"line":22},"2":{"name":"(anonymous_2)","decl":{"start":{"line":27,"column":24},"end":{"line":27,"column":25}},"loc":{"start":{"line":27,"column":37},"end":{"line":31,"column":1}},"line":27}},"branchMap":{"0":{"loc":{"start":{"line":7,"column":16},"end":{"line":7,"column":53}},"type":"binary-expr","locations":[{"start":{"line":7,"column":16},"end":{"line":7,"column":36}},{"start":{"line":7,"column":40},"end":{"line":7,"column":53}}],"line":7},"1":{"loc":{"start":{"line":11,"column":0},"end":{"line":15,"column":1}},"type":"if","locations":[{"start":{"line":11,"column":0},"end":{"line":15,"column":1}},{"start":{"line":11,"column":0},"end":{"line":15,"column":1}}],"line":11},"2":{"loc":{"start":{"line":20,"column":11},"end":{"line":20,"column":89}},"type":"binary-expr","locations":[{"start":{"line":20,"column":12},"end":{"line":20,"column":35}},{"start":{"line":20,"column":41},"end":{"line":20,"column":58}},{"start":{"line":20,"column":64},"end":{"line":20,"column":88}}],"line":20},"3":{"loc":{"start":{"line":28,"column":2},"end":{"line":30,"column":3}},"type":"if","locations":[{"start":{"line":28,"column":2},"end":{"line":30,"column":3}},{"start":{"line":28,"column":2},"end":{"line":30,"column":3}}],"line":28}},"s":{"0":1,"1":1,"2":1,"3":1,"4":1,"5":1,"6":1,"7":1,"8":0,"9":1,"10":1,"11":7,"12":6,"13":6,"14":1,"15":6,"16":6,"17":1,"18":1,"19":1},"f":{"0":7,"1":6,"2":6},"b":{"0":[1,1],"1":[0,1],"2":[7,7,6],"3":[6,0]},"_coverageSchema":"332fd63041d2c1bcb487cc26dd0d5f7d97098a6c","hash":"92d7416ebfbdd331e7f734e8370f766cf0417a3e","contentHash":"a8a47297f71d7c9977b25544d0e11424_11.7.3"},"/Users/migleberesineviciute/Documents/GitHub/omnium/server/models/cyclist.js":{"path":"/Users/migleberesineviciute/Documents/GitHub/omnium/server/models/cyclist.js","statementMap":{"0":{"start":{"line":3,"column":0},"end":{"line":58,"column":1}},"1":{"start":{"line":4,"column":18},"end":{"line":45,"column":8}},"2":{"start":{"line":46,"column":2},"end":{"line":56,"column":3}},"3":{"start":{"line":48,"column":4},"end":{"line":51,"column":6}},"4":{"start":{"line":52,"column":4},"end":{"line":55,"column":6}},"5":{"start":{"line":57,"column":2},"end":{"line":57,"column":16}}},"fnMap":{"0":{"name":"(anonymous_0)","decl":{"start":{"line":3,"column":17},"end":{"line":3,"column":18}},"loc":{"start":{"line":3,"column":43},"end":{"line":58,"column":1}},"line":3},"1":{"name":"(anonymous_1)","decl":{"start":{"line":46,"column":22},"end":{"line":46,"column":23}},"loc":{"start":{"line":46,"column":34},"end":{"line":56,"column":3}},"line":46}},"branchMap":{},"s":{"0":1,"1":1,"2":1,"3":1,"4":1,"5":1},"f":{"0":1,"1":1},"b":{},"_coverageSchema":"332fd63041d2c1bcb487cc26dd0d5f7d97098a6c","hash":"2ed1c1e6de302e3b654f07d98565331b56b64fb8","contentHash":"c0574edafd8e32058a12ad876197df91_11.7.3"},"/Users/migleberesineviciute/Documents/GitHub/omnium/server/models/event.js":{"path":"/Users/migleberesineviciute/Documents/GitHub/omnium/server/models/event.js","statementMap":{"0":{"start":{"line":3,"column":0},"end":{"line":30,"column":1}},"1":{"start":{"line":4,"column":16},"end":{"line":21,"column":8}},"2":{"start":{"line":22,"column":2},"end":{"line":28,"column":3}},"3":{"start":{"line":24,"column":4},"end":{"line":27,"column":6}},"4":{"start":{"line":29,"column":2},"end":{"line":29,"column":14}}},"fnMap":{"0":{"name":"(anonymous_0)","decl":{"start":{"line":3,"column":17},"end":{"line":3,"column":18}},"loc":{"start":{"line":3,"column":43},"end":{"line":30,"column":1}},"line":3},"1":{"name":"(anonymous_1)","decl":{"start":{"line":22,"column":20},"end":{"line":22,"column":21}},"loc":{"start":{"line":22,"column":32},"end":{"line":28,"column":3}},"line":22}},"branchMap":{},"s":{"0":1,"1":1,"2":1,"3":1,"4":1},"f":{"0":1,"1":1},"b":{},"_coverageSchema":"332fd63041d2c1bcb487cc26dd0d5f7d97098a6c","hash":"f9791dc089fd75127ec44bbb28f4f95d1c37c86e","contentHash":"38c2fb235bb7b72fc8226db5d545fcfb_11.7.3"},"/Users/migleberesineviciute/Documents/GitHub/omnium/server/models/race.js":{"path":"/Users/migleberesineviciute/Documents/GitHub/omnium/server/models/race.js","statementMap":{"0":{"start":{"line":3,"column":0},"end":{"line":32,"column":1}},"1":{"start":{"line":4,"column":15},"end":{"line":19,"column":8}},"2":{"start":{"line":20,"column":2},"end":{"line":30,"column":3}},"3":{"start":{"line":22,"column":4},"end":{"line":25,"column":6}},"4":{"start":{"line":26,"column":4},"end":{"line":29,"column":6}},"5":{"start":{"line":31,"column":2},"end":{"line":31,"column":13}}},"fnMap":{"0":{"name":"(anonymous_0)","decl":{"start":{"line":3,"column":17},"end":{"line":3,"column":18}},"loc":{"start":{"line":3,"column":43},"end":{"line":32,"column":1}},"line":3},"1":{"name":"(anonymous_1)","decl":{"start":{"line":20,"column":19},"end":{"line":20,"column":20}},"loc":{"start":{"line":20,"column":31},"end":{"line":30,"column":3}},"line":20}},"branchMap":{},"s":{"0":1,"1":1,"2":1,"3":1,"4":1,"5":1},"f":{"0":1,"1":1},"b":{},"_coverageSchema":"332fd63041d2c1bcb487cc26dd0d5f7d97098a6c","hash":"9f015751bc2c5d89c1778880f8377277b4879db5","contentHash":"5220077ea17d6049f7719ca6b5c87e65_11.7.3"},"/Users/migleberesineviciute/Documents/GitHub/omnium/server/models/score.js":{"path":"/Users/migleberesineviciute/Documents/GitHub/omnium/server/models/score.js","statementMap":{"0":{"start":{"line":3,"column":0},"end":{"line":50,"column":1}},"1":{"start":{"line":4,"column":16},"end":{"line":33,"column":8}},"2":{"start":{"line":34,"column":2},"end":{"line":48,"column":3}},"3":{"start":{"line":36,"column":4},"end":{"line":39,"column":6}},"4":{"start":{"line":40,"column":4},"end":{"line":43,"column":6}},"5":{"start":{"line":44,"column":4},"end":{"line":47,"column":6}},"6":{"start":{"line":49,"column":2},"end":{"line":49,"column":14}}},"fnMap":{"0":{"name":"(anonymous_0)","decl":{"start":{"line":3,"column":17},"end":{"line":3,"column":18}},"loc":{"start":{"line":3,"column":43},"end":{"line":50,"column":1}},"line":3},"1":{"name":"(anonymous_1)","decl":{"start":{"line":34,"column":20},"end":{"line":34,"column":21}},"loc":{"start":{"line":34,"column":32},"end":{"line":48,"column":3}},"line":34}},"branchMap":{},"s":{"0":1,"1":1,"2":1,"3":1,"4":1,"5":1,"6":1},"f":{"0":1,"1":1},"b":{},"_coverageSchema":"332fd63041d2c1bcb487cc26dd0d5f7d97098a6c","hash":"5838f7b2a2f0e1bcc4057e22e9dbe393228191f4","contentHash":"76ca1a0979403c0c4a45b2374708b836_11.7.3"},"/Users/migleberesineviciute/Documents/GitHub/omnium/server/models/sprint.js":{"path":"/Users/migleberesineviciute/Documents/GitHub/omnium/server/models/sprint.js","statementMap":{"0":{"start":{"line":3,"column":0},"end":{"line":16,"column":1}},"1":{"start":{"line":4,"column":17},"end":{"line":7,"column":8}},"2":{"start":{"line":8,"column":2},"end":{"line":14,"column":3}},"3":{"start":{"line":10,"column":4},"end":{"line":13,"column":6}},"4":{"start":{"line":15,"column":2},"end":{"line":15,"column":15}}},"fnMap":{"0":{"name":"(anonymous_0)","decl":{"start":{"line":3,"column":17},"end":{"line":3,"column":18}},"loc":{"start":{"line":3,"column":43},"end":{"line":16,"column":1}},"line":3},"1":{"name":"(anonymous_1)","decl":{"start":{"line":8,"column":21},"end":{"line":8,"column":22}},"loc":{"start":{"line":8,"column":33},"end":{"line":14,"column":3}},"line":8}},"branchMap":{},"s":{"0":1,"1":1,"2":1,"3":1,"4":1},"f":{"0":1,"1":1},"b":{},"_coverageSchema":"332fd63041d2c1bcb487cc26dd0d5f7d97098a6c","hash":"d19aeb76c152ef1aa6edd5e339b348bfe715020c","contentHash":"e2f894e9a1f45a6a4196ab75d9ce0880_11.7.3"},"/Users/migleberesineviciute/Documents/GitHub/omnium/server/models/user.js":{"path":"/Users/migleberesineviciute/Documents/GitHub/omnium/server/models/user.js","statementMap":{"0":{"start":{"line":3,"column":0},"end":{"line":27,"column":1}},"1":{"start":{"line":4,"column":15},"end":{"line":19,"column":8}},"2":{"start":{"line":20,"column":2},"end":{"line":25,"column":3}},"3":{"start":{"line":21,"column":4},"end":{"line":24,"column":6}},"4":{"start":{"line":26,"column":2},"end":{"line":26,"column":13}}},"fnMap":{"0":{"name":"(anonymous_0)","decl":{"start":{"line":3,"column":17},"end":{"line":3,"column":18}},"loc":{"start":{"line":3,"column":43},"end":{"line":27,"column":1}},"line":3},"1":{"name":"associations","decl":{"start":{"line":20,"column":28},"end":{"line":20,"column":40}},"loc":{"start":{"line":20,"column":49},"end":{"line":25,"column":3}},"line":20}},"branchMap":{},"s":{"0":1,"1":1,"2":1,"3":1,"4":1},"f":{"0":1,"1":1},"b":{},"_coverageSchema":"332fd63041d2c1bcb487cc26dd0d5f7d97098a6c","hash":"5b74ab3383f4a89d8332da3b03bb5cc4424ba498","contentHash":"d74b66eda4a8093a1af89c20389b3d09_11.7.3"},"/Users/migleberesineviciute/Documents/GitHub/omnium/server/helpers/responseHelper.js":{"path":"/Users/migleberesineviciute/Documents/GitHub/omnium/server/helpers/responseHelper.js","statementMap":{"0":{"start":{"line":4,"column":19},"end":{"line":7,"column":3}},"1":{"start":{"line":8,"column":2},"end":{"line":8,"column":17}},"2":{"start":{"line":11,"column":0},"end":{"line":11,"column":35}}},"fnMap":{"0":{"name":"responseBadRequest","decl":{"start":{"line":3,"column":9},"end":{"line":3,"column":27}},"loc":{"start":{"line":3,"column":37},"end":{"line":9,"column":1}},"line":3}},"branchMap":{"0":{"loc":{"start":{"line":6,"column":13},"end":{"line":6,"column":42}},"type":"binary-expr","locations":[{"start":{"line":6,"column":13},"end":{"line":6,"column":20}},{"start":{"line":6,"column":24},"end":{"line":6,"column":42}}],"line":6}},"s":{"0":0,"1":0,"2":1},"f":{"0":0},"b":{"0":[0,0]},"_coverageSchema":"332fd63041d2c1bcb487cc26dd0d5f7d97098a6c","hash":"587a9352de36e945835d86d2ccb96a110d242720","contentHash":"16e60a5cca38a6d97e36b184430a5611_11.7.3"},"/Users/migleberesineviciute/Documents/GitHub/omnium/server/index.js":{"path":"/Users/migleberesineviciute/Documents/GitHub/omnium/server/index.js","statementMap":{"0":{"start":{"line":2,"column":0},"end":{"line":2,"column":26}},"1":{"start":{"line":3,"column":16},"end":{"line":3,"column":34}},"2":{"start":{"line":4,"column":13},"end":{"line":4,"column":28}},"3":{"start":{"line":7,"column":12},"end":{"line":7,"column":21}},"4":{"start":{"line":8,"column":11},"end":{"line":8,"column":41}},"5":{"start":{"line":13,"column":13},"end":{"line":13,"column":17}},"6":{"start":{"line":15,"column":0},"end":{"line":15,"column":39}},"7":{"start":{"line":17,"column":0},"end":{"line":17,"column":4}},"8":{"start":{"line":18,"column":0},"end":{"line":18,"column":15}},"9":{"start":{"line":19,"column":0},"end":{"line":19,"column":52}},"10":{"start":{"line":19,"column":27},"end":{"line":19,"column":51}},"11":{"start":{"line":22,"column":15},"end":{"line":22,"column":116}},"12":{"start":{"line":22,"column":50},"end":{"line":22,"column":115}},"13":{"start":{"line":23,"column":11},"end":{"line":23,"column":46}},"14":{"start":{"line":25,"column":0},"end":{"line":25,"column":66}},"15":{"start":{"line":26,"column":0},"end":{"line":26,"column":39}},"16":{"start":{"line":28,"column":0},"end":{"line":38,"column":2}},"17":{"start":{"line":29,"column":2},"end":{"line":34,"column":4}},"18":{"start":{"line":30,"column":4},"end":{"line":30,"column":74}},"19":{"start":{"line":31,"column":4},"end":{"line":33,"column":16}},"20":{"start":{"line":32,"column":6},"end":{"line":32,"column":38}},"21":{"start":{"line":35,"column":2},"end":{"line":37,"column":4}},"22":{"start":{"line":36,"column":4},"end":{"line":36,"column":48}},"23":{"start":{"line":40,"column":0},"end":{"line":40,"column":20}}},"fnMap":{"0":{"name":"(anonymous_0)","decl":{"start":{"line":19,"column":13},"end":{"line":19,"column":14}},"loc":{"start":{"line":19,"column":27},"end":{"line":19,"column":51}},"line":19},"1":{"name":"(anonymous_1)","decl":{"start":{"line":22,"column":44},"end":{"line":22,"column":45}},"loc":{"start":{"line":22,"column":50},"end":{"line":22,"column":115}},"line":22},"2":{"name":"(anonymous_2)","decl":{"start":{"line":28,"column":20},"end":{"line":28,"column":21}},"loc":{"start":{"line":28,"column":32},"end":{"line":38,"column":1}},"line":28},"3":{"name":"(anonymous_3)","decl":{"start":{"line":29,"column":32},"end":{"line":29,"column":33}},"loc":{"start":{"line":29,"column":46},"end":{"line":34,"column":3}},"line":29},"4":{"name":"(anonymous_4)","decl":{"start":{"line":31,"column":16},"end":{"line":31,"column":17}},"loc":{"start":{"line":31,"column":22},"end":{"line":33,"column":5}},"line":31},"5":{"name":"(anonymous_5)","decl":{"start":{"line":35,"column":28},"end":{"line":35,"column":29}},"loc":{"start":{"line":35,"column":44},"end":{"line":37,"column":3}},"line":35}},"branchMap":{},"s":{"0":1,"1":1,"2":1,"3":1,"4":1,"5":1,"6":1,"7":1,"8":1,"9":1,"10":0,"11":1,"12":1,"13":1,"14":1,"15":1,"16":1,"17":0,"18":0,"19":0,"20":0,"21":0,"22":0,"23":1},"f":{"0":0,"1":1,"2":0,"3":0,"4":0,"5":0},"b":{},"_coverageSchema":"332fd63041d2c1bcb487cc26dd0d5f7d97098a6c","hash":"76b9c2875a96512db9d4d8997f57a5934c5bb875","contentHash":"394bf7f9fa80dd0aa9ffe8a942c18d0d_11.7.3"},"/Users/migleberesineviciute/Documents/GitHub/omnium/config/connectDB.js":{"path":"/Users/migleberesineviciute/Documents/GitHub/omnium/config/connectDB.js","statementMap":{"0":{"start":{"line":3,"column":18},"end":{"line":3,"column":38}},"1":{"start":{"line":6,"column":20},"end":{"line":20,"column":4}},"2":{"start":{"line":21,"column":18},"end":{"line":52,"column":4}},"3":{"start":{"line":54,"column":15},"end":{"line":71,"column":4}},"4":{"start":{"line":73,"column":16},"end":{"line":101,"column":4}},"5":{"start":{"line":103,"column":17},"end":{"line":110,"column":4}},"6":{"start":{"line":112,"column":17},"end":{"line":131,"column":4}},"7":{"start":{"line":133,"column":2},"end":{"line":133,"column":71}},"8":{"start":{"line":134,"column":2},"end":{"line":134,"column":65}},"9":{"start":{"line":135,"column":2},"end":{"line":135,"column":79}},"10":{"start":{"line":136,"column":2},"end":{"line":136,"column":49}},"11":{"start":{"line":138,"column":2},"end":{"line":145,"column":6}},"12":{"start":{"line":141,"column":6},"end":{"line":141,"column":66}},"13":{"start":{"line":144,"column":6},"end":{"line":144,"column":62}},"14":{"start":{"line":146,"column":2},"end":{"line":146,"column":18}},"15":{"start":{"line":148,"column":0},"end":{"line":148,"column":27}}},"fnMap":{"0":{"name":"Connection","decl":{"start":{"line":5,"column":9},"end":{"line":5,"column":19}},"loc":{"start":{"line":5,"column":22},"end":{"line":147,"column":1}},"line":5},"1":{"name":"(anonymous_1)","decl":{"start":{"line":140,"column":10},"end":{"line":140,"column":11}},"loc":{"start":{"line":140,"column":16},"end":{"line":142,"column":5}},"line":140},"2":{"name":"(anonymous_2)","decl":{"start":{"line":143,"column":11},"end":{"line":143,"column":12}},"loc":{"start":{"line":143,"column":20},"end":{"line":145,"column":5}},"line":143}},"branchMap":{},"s":{"0":1,"1":1,"2":1,"3":1,"4":1,"5":1,"6":1,"7":1,"8":1,"9":1,"10":1,"11":1,"12":1,"13":0,"14":1,"15":1},"f":{"0":1,"1":1,"2":0},"b":{},"_coverageSchema":"332fd63041d2c1bcb487cc26dd0d5f7d97098a6c","hash":"c7251e48052074d89dc1a5e15aa0d71bf739c405","contentHash":"8c440627e061ad8fef911671a4281fa8_11.7.3"},"/Users/migleberesineviciute/Documents/GitHub/omnium/server/routes/index.js":{"path":"/Users/migleberesineviciute/Documents/GitHub/omnium/server/routes/index.js","statementMap":{"0":{"start":{"line":3,"column":16},"end":{"line":3,"column":34}},"1":{"start":{"line":5,"column":15},"end":{"line":5,"column":31}},"2":{"start":{"line":6,"column":19},"end":{"line":6,"column":41}},"3":{"start":{"line":7,"column":16},"end":{"line":7,"column":34}},"4":{"start":{"line":8,"column":18},"end":{"line":8,"column":47}},"5":{"start":{"line":10,"column":26},"end":{"line":11,"column":30}},"6":{"start":{"line":12,"column":0},"end":{"line":12,"column":54}},"7":{"start":{"line":13,"column":0},"end":{"line":13,"column":36}},"8":{"start":{"line":14,"column":28},"end":{"line":14,"column":39}},"9":{"start":{"line":15,"column":0},"end":{"line":15,"column":31}},"10":{"start":{"line":16,"column":0},"end":{"line":16,"column":52}},"11":{"start":{"line":17,"column":0},"end":{"line":17,"column":50}},"12":{"start":{"line":18,"column":0},"end":{"line":18,"column":49}},"13":{"start":{"line":19,"column":0},"end":{"line":19,"column":50}},"14":{"start":{"line":20,"column":0},"end":{"line":20,"column":51}},"15":{"start":{"line":21,"column":0},"end":{"line":21,"column":49}},"16":{"start":{"line":58,"column":0},"end":{"line":58,"column":23}}},"fnMap":{},"branchMap":{},"s":{"0":1,"1":1,"2":1,"3":1,"4":1,"5":1,"6":1,"7":1,"8":1,"9":1,"10":1,"11":1,"12":1,"13":1,"14":1,"15":1,"16":1},"f":{},"b":{},"_coverageSchema":"332fd63041d2c1bcb487cc26dd0d5f7d97098a6c","hash":"53cb0ae66aac034489ce1cb890c0c261a8a0bb9a","contentHash":"47d0a5796349780d02d1fc3ef66579ae_11.7.3"},"/Users/migleberesineviciute/Documents/GitHub/omnium/server/controllers/event.js":{"path":"/Users/migleberesineviciute/Documents/GitHub/omnium/server/controllers/event.js","statementMap":{"0":{"start":{"line":3,"column":15},"end":{"line":3,"column":42}},"1":{"start":{"line":4,"column":24},"end":{"line":4,"column":50}},"2":{"start":{"line":5,"column":27},"end":{"line":5,"column":63}},"3":{"start":{"line":8,"column":2},"end":{"line":8,"column":39}},"4":{"start":{"line":9,"column":2},"end":{"line":14,"column":4}},"5":{"start":{"line":10,"column":4},"end":{"line":10,"column":19}},"6":{"start":{"line":12,"column":4},"end":{"line":12,"column":19}},"7":{"start":{"line":13,"column":4},"end":{"line":13,"column":39}},"8":{"start":{"line":18,"column":2},"end":{"line":18,"column":26}},"9":{"start":{"line":19,"column":13},"end":{"line":19,"column":34}},"10":{"start":{"line":20,"column":2},"end":{"line":25,"column":4}},"11":{"start":{"line":21,"column":4},"end":{"line":21,"column":19}},"12":{"start":{"line":23,"column":4},"end":{"line":23,"column":19}},"13":{"start":{"line":24,"column":4},"end":{"line":24,"column":39}},"14":{"start":{"line":29,"column":2},"end":{"line":29,"column":29}},"15":{"start":{"line":30,"column":2},"end":{"line":70,"column":4}},"16":{"start":{"line":36,"column":4},"end":{"line":36,"column":19}},"17":{"start":{"line":37,"column":4},"end":{"line":42,"column":6}},"18":{"start":{"line":43,"column":4},"end":{"line":48,"column":6}},"19":{"start":{"line":49,"column":4},"end":{"line":54,"column":6}},"20":{"start":{"line":55,"column":4},"end":{"line":60,"column":6}},"21":{"start":{"line":61,"column":4},"end":{"line":66,"column":6}},"22":{"start":{"line":68,"column":4},"end":{"line":68,"column":19}},"23":{"start":{"line":69,"column":4},"end":{"line":69,"column":39}},"24":{"start":{"line":74,"column":2},"end":{"line":74,"column":28}},"25":{"start":{"line":75,"column":13},"end":{"line":75,"column":34}},"26":{"start":{"line":76,"column":2},"end":{"line":88,"column":4}},"27":{"start":{"line":77,"column":4},"end":{"line":87,"column":5}},"28":{"start":{"line":78,"column":6},"end":{"line":86,"column":8}},"29":{"start":{"line":81,"column":8},"end":{"line":81,"column":30}},"30":{"start":{"line":82,"column":8},"end":{"line":82,"column":23}},"31":{"start":{"line":84,"column":8},"end":{"line":84,"column":23}},"32":{"start":{"line":85,"column":8},"end":{"line":85,"column":41}},"33":{"start":{"line":91,"column":2},"end":{"line":91,"column":31}},"34":{"start":{"line":92,"column":13},"end":{"line":92,"column":34}},"35":{"start":{"line":93,"column":2},"end":{"line":108,"column":4}},"36":{"start":{"line":94,"column":4},"end":{"line":107,"column":5}},"37":{"start":{"line":95,"column":6},"end":{"line":106,"column":8}},"38":{"start":{"line":101,"column":8},"end":{"line":101,"column":30}},"39":{"start":{"line":102,"column":8},"end":{"line":102,"column":23}},"40":{"start":{"line":104,"column":8},"end":{"line":104,"column":23}},"41":{"start":{"line":105,"column":8},"end":{"line":105,"column":41}},"42":{"start":{"line":112,"column":2},"end":{"line":112,"column":48}},"43":{"start":{"line":113,"column":13},"end":{"line":113,"column":34}},"44":{"start":{"line":114,"column":2},"end":{"line":128,"column":4}},"45":{"start":{"line":115,"column":4},"end":{"line":127,"column":5}},"46":{"start":{"line":116,"column":6},"end":{"line":126,"column":8}},"47":{"start":{"line":121,"column":8},"end":{"line":121,"column":30}},"48":{"start":{"line":122,"column":8},"end":{"line":122,"column":23}},"49":{"start":{"line":124,"column":8},"end":{"line":124,"column":23}},"50":{"start":{"line":125,"column":8},"end":{"line":125,"column":41}},"51":{"start":{"line":132,"column":2},"end":{"line":132,"column":29}},"52":{"start":{"line":133,"column":13},"end":{"line":133,"column":34}},"53":{"start":{"line":134,"column":2},"end":{"line":137,"column":4}},"54":{"start":{"line":135,"column":4},"end":{"line":135,"column":19}},"55":{"start":{"line":136,"column":4},"end":{"line":136,"column":14}},"56":{"start":{"line":140,"column":0},"end":{"line":140,"column":40}},"57":{"start":{"line":141,"column":0},"end":{"line":141,"column":39}},"58":{"start":{"line":142,"column":0},"end":{"line":142,"column":39}},"59":{"start":{"line":143,"column":0},"end":{"line":143,"column":40}},"60":{"start":{"line":144,"column":0},"end":{"line":144,"column":47}},"61":{"start":{"line":145,"column":0},"end":{"line":145,"column":53}},"62":{"start":{"line":146,"column":0},"end":{"line":146,"column":45}},"63":{"start":{"line":148,"column":0},"end":{"line":157,"column":1}}},"fnMap":{"0":{"name":"getEventsList","decl":{"start":{"line":7,"column":15},"end":{"line":7,"column":28}},"loc":{"start":{"line":7,"column":39},"end":{"line":15,"column":1}},"line":7},"1":{"name":"(anonymous_1)","decl":{"start":{"line":9,"column":25},"end":{"line":9,"column":26}},"loc":{"start":{"line":9,"column":36},"end":{"line":11,"column":3}},"line":9},"2":{"name":"(anonymous_2)","decl":{"start":{"line":11,"column":11},"end":{"line":11,"column":12}},"loc":{"start":{"line":11,"column":22},"end":{"line":14,"column":3}},"line":11},"3":{"name":"getEvent","decl":{"start":{"line":17,"column":15},"end":{"line":17,"column":23}},"loc":{"start":{"line":17,"column":34},"end":{"line":26,"column":1}},"line":17},"4":{"name":"(anonymous_4)","decl":{"start":{"line":20,"column":26},"end":{"line":20,"column":27}},"loc":{"start":{"line":20,"column":37},"end":{"line":22,"column":3}},"line":20},"5":{"name":"(anonymous_5)","decl":{"start":{"line":22,"column":11},"end":{"line":22,"column":12}},"loc":{"start":{"line":22,"column":22},"end":{"line":25,"column":3}},"line":22},"6":{"name":"createEvent","decl":{"start":{"line":28,"column":15},"end":{"line":28,"column":26}},"loc":{"start":{"line":28,"column":37},"end":{"line":71,"column":1}},"line":28},"7":{"name":"(anonymous_7)","decl":{"start":{"line":35,"column":10},"end":{"line":35,"column":11}},"loc":{"start":{"line":35,"column":21},"end":{"line":67,"column":3}},"line":35},"8":{"name":"(anonymous_8)","decl":{"start":{"line":67,"column":11},"end":{"line":67,"column":12}},"loc":{"start":{"line":67,"column":22},"end":{"line":70,"column":3}},"line":67},"9":{"name":"closeEvent","decl":{"start":{"line":73,"column":15},"end":{"line":73,"column":25}},"loc":{"start":{"line":73,"column":36},"end":{"line":89,"column":1}},"line":73},"10":{"name":"(anonymous_10)","decl":{"start":{"line":76,"column":26},"end":{"line":76,"column":27}},"loc":{"start":{"line":76,"column":37},"end":{"line":88,"column":3}},"line":76},"11":{"name":"(anonymous_11)","decl":{"start":{"line":80,"column":14},"end":{"line":80,"column":15}},"loc":{"start":{"line":80,"column":32},"end":{"line":83,"column":7}},"line":80},"12":{"name":"(anonymous_12)","decl":{"start":{"line":83,"column":15},"end":{"line":83,"column":16}},"loc":{"start":{"line":83,"column":24},"end":{"line":86,"column":7}},"line":83},"13":{"name":"editEvent","decl":{"start":{"line":90,"column":15},"end":{"line":90,"column":24}},"loc":{"start":{"line":90,"column":35},"end":{"line":109,"column":1}},"line":90},"14":{"name":"(anonymous_14)","decl":{"start":{"line":93,"column":26},"end":{"line":93,"column":27}},"loc":{"start":{"line":93,"column":37},"end":{"line":108,"column":3}},"line":93},"15":{"name":"(anonymous_15)","decl":{"start":{"line":100,"column":14},"end":{"line":100,"column":15}},"loc":{"start":{"line":100,"column":32},"end":{"line":103,"column":7}},"line":100},"16":{"name":"(anonymous_16)","decl":{"start":{"line":103,"column":15},"end":{"line":103,"column":16}},"loc":{"start":{"line":103,"column":24},"end":{"line":106,"column":7}},"line":103},"17":{"name":"rankingsUpdate","decl":{"start":{"line":111,"column":15},"end":{"line":111,"column":29}},"loc":{"start":{"line":111,"column":40},"end":{"line":129,"column":1}},"line":111},"18":{"name":"(anonymous_18)","decl":{"start":{"line":114,"column":26},"end":{"line":114,"column":27}},"loc":{"start":{"line":114,"column":37},"end":{"line":128,"column":3}},"line":114},"19":{"name":"(anonymous_19)","decl":{"start":{"line":120,"column":14},"end":{"line":120,"column":15}},"loc":{"start":{"line":120,"column":32},"end":{"line":123,"column":7}},"line":120},"20":{"name":"(anonymous_20)","decl":{"start":{"line":123,"column":15},"end":{"line":123,"column":16}},"loc":{"start":{"line":123,"column":24},"end":{"line":126,"column":7}},"line":123},"21":{"name":"deleteEvent","decl":{"start":{"line":131,"column":15},"end":{"line":131,"column":26}},"loc":{"start":{"line":131,"column":37},"end":{"line":138,"column":1}},"line":131},"22":{"name":"(anonymous_22)","decl":{"start":{"line":134,"column":40},"end":{"line":134,"column":41}},"loc":{"start":{"line":134,"column":46},"end":{"line":137,"column":3}},"line":134}},"branchMap":{"0":{"loc":{"start":{"line":77,"column":4},"end":{"line":87,"column":5}},"type":"if","locations":[{"start":{"line":77,"column":4},"end":{"line":87,"column":5}},{"start":{"line":77,"column":4},"end":{"line":87,"column":5}}],"line":77},"1":{"loc":{"start":{"line":94,"column":4},"end":{"line":107,"column":5}},"type":"if","locations":[{"start":{"line":94,"column":4},"end":{"line":107,"column":5}},{"start":{"line":94,"column":4},"end":{"line":107,"column":5}}],"line":94},"2":{"loc":{"start":{"line":115,"column":4},"end":{"line":127,"column":5}},"type":"if","locations":[{"start":{"line":115,"column":4},"end":{"line":127,"column":5}},{"start":{"line":115,"column":4},"end":{"line":127,"column":5}}],"line":115}},"s":{"0":1,"1":1,"2":1,"3":1,"4":1,"5":1,"6":0,"7":0,"8":0,"9":0,"10":0,"11":0,"12":0,"13":0,"14":0,"15":0,"16":0,"17":0,"18":0,"19":0,"20":0,"21":0,"22":0,"23":0,"24":0,"25":0,"26":0,"27":0,"28":0,"29":0,"30":0,"31":0,"32":0,"33":0,"34":0,"35":0,"36":0,"37":0,"38":0,"39":0,"40":0,"41":0,"42":0,"43":0,"44":0,"45":0,"46":0,"47":0,"48":0,"49":0,"50":0,"51":0,"52":0,"53":0,"54":0,"55":0,"56":1,"57":1,"58":1,"59":1,"60":1,"61":1,"62":1,"63":1},"f":{"0":1,"1":1,"2":0,"3":0,"4":0,"5":0,"6":0,"7":0,"8":0,"9":0,"10":0,"11":0,"12":0,"13":0,"14":0,"15":0,"16":0,"17":0,"18":0,"19":0,"20":0,"21":0,"22":0},"b":{"0":[0,0],"1":[0,0],"2":[0,0]},"_coverageSchema":"332fd63041d2c1bcb487cc26dd0d5f7d97098a6c","hash":"b018597fee9d628f5455a92f3cbe53fae7ac2eeb","contentHash":"4a9f96d448416b480e6315968501eefe_11.7.3"},"/Users/migleberesineviciute/Documents/GitHub/omnium/server/controllers/race.js":{"path":"/Users/migleberesineviciute/Documents/GitHub/omnium/server/controllers/race.js","statementMap":{"0":{"start":{"line":3,"column":15},"end":{"line":3,"column":42}},"1":{"start":{"line":4,"column":24},"end":{"line":4,"column":50}},"2":{"start":{"line":5,"column":27},"end":{"line":5,"column":63}},"3":{"start":{"line":8,"column":2},"end":{"line":8,"column":38}},"4":{"start":{"line":9,"column":13},"end":{"line":9,"column":39}},"5":{"start":{"line":10,"column":2},"end":{"line":24,"column":4}},"6":{"start":{"line":19,"column":4},"end":{"line":19,"column":19}},"7":{"start":{"line":20,"column":4},"end":{"line":20,"column":19}},"8":{"start":{"line":22,"column":4},"end":{"line":22,"column":19}},"9":{"start":{"line":23,"column":4},"end":{"line":23,"column":39}},"10":{"start":{"line":28,"column":2},"end":{"line":28,"column":25}},"11":{"start":{"line":29,"column":13},"end":{"line":29,"column":39}},"12":{"start":{"line":30,"column":17},"end":{"line":30,"column":42}},"13":{"start":{"line":31,"column":2},"end":{"line":48,"column":4}},"14":{"start":{"line":43,"column":4},"end":{"line":43,"column":19}},"15":{"start":{"line":44,"column":4},"end":{"line":44,"column":19}},"16":{"start":{"line":46,"column":4},"end":{"line":46,"column":19}},"17":{"start":{"line":47,"column":4},"end":{"line":47,"column":39}},"18":{"start":{"line":52,"column":2},"end":{"line":52,"column":28}},"19":{"start":{"line":53,"column":13},"end":{"line":53,"column":39}},"20":{"start":{"line":54,"column":20},"end":{"line":54,"column":28}},"21":{"start":{"line":55,"column":2},"end":{"line":67,"column":4}},"22":{"start":{"line":56,"column":4},"end":{"line":66,"column":6}},"23":{"start":{"line":62,"column":6},"end":{"line":62,"column":27}},"24":{"start":{"line":64,"column":6},"end":{"line":64,"column":21}},"25":{"start":{"line":65,"column":6},"end":{"line":65,"column":41}},"26":{"start":{"line":71,"column":2},"end":{"line":71,"column":30}},"27":{"start":{"line":72,"column":13},"end":{"line":72,"column":38}},"28":{"start":{"line":73,"column":2},"end":{"line":90,"column":4}},"29":{"start":{"line":74,"column":4},"end":{"line":89,"column":5}},"30":{"start":{"line":75,"column":6},"end":{"line":88,"column":8}},"31":{"start":{"line":83,"column":8},"end":{"line":83,"column":29}},"32":{"start":{"line":84,"column":8},"end":{"line":84,"column":23}},"33":{"start":{"line":86,"column":8},"end":{"line":86,"column":23}},"34":{"start":{"line":87,"column":8},"end":{"line":87,"column":41}},"35":{"start":{"line":94,"column":2},"end":{"line":94,"column":38}},"36":{"start":{"line":95,"column":13},"end":{"line":95,"column":38}},"37":{"start":{"line":96,"column":2},"end":{"line":109,"column":4}},"38":{"start":{"line":97,"column":4},"end":{"line":108,"column":5}},"39":{"start":{"line":98,"column":6},"end":{"line":107,"column":8}},"40":{"start":{"line":102,"column":8},"end":{"line":102,"column":29}},"41":{"start":{"line":103,"column":8},"end":{"line":103,"column":23}},"42":{"start":{"line":105,"column":8},"end":{"line":105,"column":23}},"43":{"start":{"line":106,"column":8},"end":{"line":106,"column":41}},"44":{"start":{"line":113,"column":2},"end":{"line":113,"column":53}},"45":{"start":{"line":114,"column":13},"end":{"line":114,"column":38}},"46":{"start":{"line":115,"column":2},"end":{"line":115,"column":34}},"47":{"start":{"line":116,"column":2},"end":{"line":129,"column":4}},"48":{"start":{"line":117,"column":4},"end":{"line":128,"column":5}},"49":{"start":{"line":118,"column":6},"end":{"line":127,"column":8}},"50":{"start":{"line":121,"column":8},"end":{"line":121,"column":32}},"51":{"start":{"line":122,"column":8},"end":{"line":122,"column":29}},"52":{"start":{"line":123,"column":8},"end":{"line":123,"column":23}},"53":{"start":{"line":125,"column":8},"end":{"line":125,"column":23}},"54":{"start":{"line":126,"column":8},"end":{"line":126,"column":41}},"55":{"start":{"line":133,"column":2},"end":{"line":133,"column":50}},"56":{"start":{"line":134,"column":13},"end":{"line":134,"column":38}},"57":{"start":{"line":135,"column":2},"end":{"line":147,"column":4}},"58":{"start":{"line":136,"column":4},"end":{"line":146,"column":5}},"59":{"start":{"line":137,"column":6},"end":{"line":145,"column":8}},"60":{"start":{"line":140,"column":8},"end":{"line":140,"column":29}},"61":{"start":{"line":141,"column":8},"end":{"line":141,"column":23}},"62":{"start":{"line":143,"column":8},"end":{"line":143,"column":23}},"63":{"start":{"line":144,"column":8},"end":{"line":144,"column":41}},"64":{"start":{"line":151,"column":2},"end":{"line":151,"column":50}},"65":{"start":{"line":152,"column":13},"end":{"line":152,"column":38}},"66":{"start":{"line":153,"column":2},"end":{"line":165,"column":4}},"67":{"start":{"line":154,"column":4},"end":{"line":164,"column":5}},"68":{"start":{"line":155,"column":6},"end":{"line":163,"column":8}},"69":{"start":{"line":158,"column":8},"end":{"line":158,"column":29}},"70":{"start":{"line":159,"column":8},"end":{"line":159,"column":23}},"71":{"start":{"line":161,"column":8},"end":{"line":161,"column":23}},"72":{"start":{"line":162,"column":8},"end":{"line":162,"column":41}},"73":{"start":{"line":169,"column":2},"end":{"line":169,"column":28}},"74":{"start":{"line":170,"column":13},"end":{"line":170,"column":38}},"75":{"start":{"line":171,"column":2},"end":{"line":174,"column":4}},"76":{"start":{"line":172,"column":4},"end":{"line":172,"column":19}},"77":{"start":{"line":173,"column":4},"end":{"line":173,"column":14}},"78":{"start":{"line":177,"column":0},"end":{"line":177,"column":54}},"79":{"start":{"line":178,"column":0},"end":{"line":178,"column":57}},"80":{"start":{"line":179,"column":0},"end":{"line":179,"column":53}},"81":{"start":{"line":180,"column":0},"end":{"line":180,"column":58}},"82":{"start":{"line":181,"column":0},"end":{"line":181,"column":71}},"83":{"start":{"line":182,"column":0},"end":{"line":182,"column":77}},"84":{"start":{"line":183,"column":0},"end":{"line":183,"column":75}},"85":{"start":{"line":184,"column":0},"end":{"line":184,"column":71}},"86":{"start":{"line":185,"column":0},"end":{"line":185,"column":63}},"87":{"start":{"line":187,"column":0},"end":{"line":198,"column":1}}},"fnMap":{"0":{"name":"getRacesList","decl":{"start":{"line":7,"column":15},"end":{"line":7,"column":27}},"loc":{"start":{"line":7,"column":38},"end":{"line":25,"column":1}},"line":7},"1":{"name":"(anonymous_1)","decl":{"start":{"line":18,"column":10},"end":{"line":18,"column":11}},"loc":{"start":{"line":18,"column":21},"end":{"line":21,"column":3}},"line":18},"2":{"name":"(anonymous_2)","decl":{"start":{"line":21,"column":11},"end":{"line":21,"column":12}},"loc":{"start":{"line":21,"column":22},"end":{"line":24,"column":3}},"line":21},"3":{"name":"getRace","decl":{"start":{"line":27,"column":15},"end":{"line":27,"column":22}},"loc":{"start":{"line":27,"column":33},"end":{"line":49,"column":1}},"line":27},"4":{"name":"(anonymous_4)","decl":{"start":{"line":42,"column":10},"end":{"line":42,"column":11}},"loc":{"start":{"line":42,"column":21},"end":{"line":45,"column":3}},"line":42},"5":{"name":"(anonymous_5)","decl":{"start":{"line":45,"column":11},"end":{"line":45,"column":12}},"loc":{"start":{"line":45,"column":22},"end":{"line":48,"column":3}},"line":45},"6":{"name":"createRace","decl":{"start":{"line":51,"column":15},"end":{"line":51,"column":25}},"loc":{"start":{"line":51,"column":36},"end":{"line":68,"column":1}},"line":51},"7":{"name":"(anonymous_7)","decl":{"start":{"line":55,"column":16},"end":{"line":55,"column":17}},"loc":{"start":{"line":55,"column":26},"end":{"line":67,"column":3}},"line":55},"8":{"name":"(anonymous_8)","decl":{"start":{"line":61,"column":12},"end":{"line":61,"column":13}},"loc":{"start":{"line":61,"column":29},"end":{"line":63,"column":5}},"line":61},"9":{"name":"(anonymous_9)","decl":{"start":{"line":63,"column":13},"end":{"line":63,"column":14}},"loc":{"start":{"line":63,"column":24},"end":{"line":66,"column":5}},"line":63},"10":{"name":"editRace","decl":{"start":{"line":70,"column":15},"end":{"line":70,"column":23}},"loc":{"start":{"line":70,"column":34},"end":{"line":91,"column":1}},"line":70},"11":{"name":"(anonymous_11)","decl":{"start":{"line":73,"column":25},"end":{"line":73,"column":26}},"loc":{"start":{"line":73,"column":35},"end":{"line":90,"column":3}},"line":73},"12":{"name":"(anonymous_12)","decl":{"start":{"line":82,"column":14},"end":{"line":82,"column":15}},"loc":{"start":{"line":82,"column":31},"end":{"line":85,"column":7}},"line":82},"13":{"name":"(anonymous_13)","decl":{"start":{"line":85,"column":15},"end":{"line":85,"column":16}},"loc":{"start":{"line":85,"column":24},"end":{"line":88,"column":7}},"line":85},"14":{"name":"updateMetrics","decl":{"start":{"line":93,"column":15},"end":{"line":93,"column":28}},"loc":{"start":{"line":93,"column":39},"end":{"line":110,"column":1}},"line":93},"15":{"name":"(anonymous_15)","decl":{"start":{"line":96,"column":25},"end":{"line":96,"column":26}},"loc":{"start":{"line":96,"column":35},"end":{"line":109,"column":3}},"line":96},"16":{"name":"(anonymous_16)","decl":{"start":{"line":101,"column":14},"end":{"line":101,"column":15}},"loc":{"start":{"line":101,"column":31},"end":{"line":104,"column":7}},"line":101},"17":{"name":"(anonymous_17)","decl":{"start":{"line":104,"column":15},"end":{"line":104,"column":16}},"loc":{"start":{"line":104,"column":24},"end":{"line":107,"column":7}},"line":104},"18":{"name":"editElapsedTime","decl":{"start":{"line":112,"column":15},"end":{"line":112,"column":30}},"loc":{"start":{"line":112,"column":41},"end":{"line":130,"column":1}},"line":112},"19":{"name":"(anonymous_19)","decl":{"start":{"line":116,"column":25},"end":{"line":116,"column":26}},"loc":{"start":{"line":116,"column":35},"end":{"line":129,"column":3}},"line":116},"20":{"name":"(anonymous_20)","decl":{"start":{"line":120,"column":14},"end":{"line":120,"column":15}},"loc":{"start":{"line":120,"column":31},"end":{"line":124,"column":7}},"line":120},"21":{"name":"(anonymous_21)","decl":{"start":{"line":124,"column":15},"end":{"line":124,"column":16}},"loc":{"start":{"line":124,"column":24},"end":{"line":127,"column":7}},"line":124},"22":{"name":"editAvgSpeed","decl":{"start":{"line":132,"column":15},"end":{"line":132,"column":27}},"loc":{"start":{"line":132,"column":38},"end":{"line":148,"column":1}},"line":132},"23":{"name":"(anonymous_23)","decl":{"start":{"line":135,"column":25},"end":{"line":135,"column":26}},"loc":{"start":{"line":135,"column":35},"end":{"line":147,"column":3}},"line":135},"24":{"name":"(anonymous_24)","decl":{"start":{"line":139,"column":14},"end":{"line":139,"column":15}},"loc":{"start":{"line":139,"column":31},"end":{"line":142,"column":7}},"line":139},"25":{"name":"(anonymous_25)","decl":{"start":{"line":142,"column":15},"end":{"line":142,"column":16}},"loc":{"start":{"line":142,"column":24},"end":{"line":145,"column":7}},"line":142},"26":{"name":"editCommunique","decl":{"start":{"line":150,"column":15},"end":{"line":150,"column":29}},"loc":{"start":{"line":150,"column":40},"end":{"line":166,"column":1}},"line":150},"27":{"name":"(anonymous_27)","decl":{"start":{"line":153,"column":25},"end":{"line":153,"column":26}},"loc":{"start":{"line":153,"column":35},"end":{"line":165,"column":3}},"line":153},"28":{"name":"(anonymous_28)","decl":{"start":{"line":157,"column":14},"end":{"line":157,"column":15}},"loc":{"start":{"line":157,"column":31},"end":{"line":160,"column":7}},"line":157},"29":{"name":"(anonymous_29)","decl":{"start":{"line":160,"column":15},"end":{"line":160,"column":16}},"loc":{"start":{"line":160,"column":24},"end":{"line":163,"column":7}},"line":160},"30":{"name":"deleteRace","decl":{"start":{"line":168,"column":15},"end":{"line":168,"column":25}},"loc":{"start":{"line":168,"column":36},"end":{"line":175,"column":1}},"line":168},"31":{"name":"(anonymous_31)","decl":{"start":{"line":171,"column":39},"end":{"line":171,"column":40}},"loc":{"start":{"line":171,"column":45},"end":{"line":174,"column":3}},"line":171}},"branchMap":{"0":{"loc":{"start":{"line":74,"column":4},"end":{"line":89,"column":5}},"type":"if","locations":[{"start":{"line":74,"column":4},"end":{"line":89,"column":5}},{"start":{"line":74,"column":4},"end":{"line":89,"column":5}}],"line":74},"1":{"loc":{"start":{"line":97,"column":4},"end":{"line":108,"column":5}},"type":"if","locations":[{"start":{"line":97,"column":4},"end":{"line":108,"column":5}},{"start":{"line":97,"column":4},"end":{"line":108,"column":5}}],"line":97},"2":{"loc":{"start":{"line":117,"column":4},"end":{"line":128,"column":5}},"type":"if","locations":[{"start":{"line":117,"column":4},"end":{"line":128,"column":5}},{"start":{"line":117,"column":4},"end":{"line":128,"column":5}}],"line":117},"3":{"loc":{"start":{"line":136,"column":4},"end":{"line":146,"column":5}},"type":"if","locations":[{"start":{"line":136,"column":4},"end":{"line":146,"column":5}},{"start":{"line":136,"column":4},"end":{"line":146,"column":5}}],"line":136},"4":{"loc":{"start":{"line":154,"column":4},"end":{"line":164,"column":5}},"type":"if","locations":[{"start":{"line":154,"column":4},"end":{"line":164,"column":5}},{"start":{"line":154,"column":4},"end":{"line":164,"column":5}}],"line":154}},"s":{"0":1,"1":1,"2":1,"3":1,"4":1,"5":1,"6":1,"7":1,"8":0,"9":0,"10":1,"11":1,"12":1,"13":1,"14":1,"15":1,"16":0,"17":0,"18":0,"19":0,"20":0,"21":0,"22":0,"23":0,"24":0,"25":0,"26":0,"27":0,"28":0,"29":0,"30":0,"31":0,"32":0,"33":0,"34":0,"35":0,"36":0,"37":0,"38":0,"39":0,"40":0,"41":0,"42":0,"43":0,"44":0,"45":0,"46":0,"47":0,"48":0,"49":0,"50":0,"51":0,"52":0,"53":0,"54":0,"55":0,"56":0,"57":0,"58":0,"59":0,"60":0,"61":0,"62":0,"63":0,"64":0,"65":0,"66":0,"67":0,"68":0,"69":0,"70":0,"71":0,"72":0,"73":0,"74":0,"75":0,"76":0,"77":0,"78":1,"79":1,"80":1,"81":1,"82":1,"83":1,"84":1,"85":1,"86":1,"87":1},"f":{"0":1,"1":1,"2":0,"3":1,"4":1,"5":0,"6":0,"7":0,"8":0,"9":0,"10":0,"11":0,"12":0,"13":0,"14":0,"15":0,"16":0,"17":0,"18":0,"19":0,"20":0,"21":0,"22":0,"23":0,"24":0,"25":0,"26":0,"27":0,"28":0,"29":0,"30":0,"31":0},"b":{"0":[0,0],"1":[0,0],"2":[0,0],"3":[0,0],"4":[0,0]},"_coverageSchema":"332fd63041d2c1bcb487cc26dd0d5f7d97098a6c","hash":"a75d5ba8e8a8094842eabd678bfda2f75922881d","contentHash":"887aecad7ae905e96447c65764f756fa_11.7.3"},"/Users/migleberesineviciute/Documents/GitHub/omnium/server/controllers/score.js":{"path":"/Users/migleberesineviciute/Documents/GitHub/omnium/server/controllers/score.js","statementMap":{"0":{"start":{"line":3,"column":15},"end":{"line":3,"column":42}},"1":{"start":{"line":4,"column":15},"end":{"line":4,"column":45}},"2":{"start":{"line":13,"column":4},"end":{"line":13,"column":30}},"3":{"start":{"line":14,"column":27},"end":{"line":14,"column":63}},"4":{"start":{"line":16,"column":15},"end":{"line":16,"column":17}},"5":{"start":{"line":19,"column":2},"end":{"line":19,"column":39}},"6":{"start":{"line":21,"column":17},"end":{"line":21,"column":42}},"7":{"start":{"line":22,"column":18},"end":{"line":22,"column":44}},"8":{"start":{"line":23,"column":23},"end":{"line":23,"column":31}},"9":{"start":{"line":24,"column":2},"end":{"line":41,"column":4}},"10":{"start":{"line":36,"column":4},"end":{"line":36,"column":19}},"11":{"start":{"line":37,"column":4},"end":{"line":37,"column":20}},"12":{"start":{"line":39,"column":4},"end":{"line":39,"column":19}},"13":{"start":{"line":40,"column":4},"end":{"line":40,"column":39}},"14":{"start":{"line":45,"column":2},"end":{"line":45,"column":47}},"15":{"start":{"line":46,"column":17},"end":{"line":46,"column":42}},"16":{"start":{"line":47,"column":18},"end":{"line":47,"column":44}},"17":{"start":{"line":48,"column":23},"end":{"line":48,"column":31}},"18":{"start":{"line":49,"column":20},"end":{"line":49,"column":28}},"19":{"start":{"line":50,"column":2},"end":{"line":81,"column":4}},"20":{"start":{"line":66,"column":4},"end":{"line":80,"column":5}},"21":{"start":{"line":67,"column":20},"end":{"line":67,"column":105}},"22":{"start":{"line":68,"column":6},"end":{"line":79,"column":8}},"23":{"start":{"line":74,"column":8},"end":{"line":74,"column":30}},"24":{"start":{"line":75,"column":8},"end":{"line":75,"column":23}},"25":{"start":{"line":77,"column":8},"end":{"line":77,"column":23}},"26":{"start":{"line":78,"column":8},"end":{"line":78,"column":43}},"27":{"start":{"line":85,"column":2},"end":{"line":85,"column":61}},"28":{"start":{"line":86,"column":18},"end":{"line":86,"column":44}},"29":{"start":{"line":87,"column":2},"end":{"line":87,"column":22}},"30":{"start":{"line":88,"column":2},"end":{"line":115,"column":4}},"31":{"start":{"line":110,"column":4},"end":{"line":110,"column":19}},"32":{"start":{"line":111,"column":4},"end":{"line":111,"column":20}},"33":{"start":{"line":113,"column":4},"end":{"line":113,"column":19}},"34":{"start":{"line":114,"column":4},"end":{"line":114,"column":39}},"35":{"start":{"line":119,"column":2},"end":{"line":119,"column":54}},"36":{"start":{"line":120,"column":18},"end":{"line":120,"column":44}},"37":{"start":{"line":121,"column":19},"end":{"line":121,"column":46}},"38":{"start":{"line":122,"column":2},"end":{"line":149,"column":4}},"39":{"start":{"line":144,"column":4},"end":{"line":144,"column":19}},"40":{"start":{"line":145,"column":4},"end":{"line":145,"column":20}},"41":{"start":{"line":147,"column":4},"end":{"line":147,"column":19}},"42":{"start":{"line":148,"column":4},"end":{"line":148,"column":39}},"43":{"start":{"line":153,"column":2},"end":{"line":153,"column":48}},"44":{"start":{"line":154,"column":18},"end":{"line":154,"column":44}},"45":{"start":{"line":155,"column":2},"end":{"line":175,"column":4}},"46":{"start":{"line":170,"column":4},"end":{"line":170,"column":19}},"47":{"start":{"line":171,"column":4},"end":{"line":171,"column":20}},"48":{"start":{"line":173,"column":4},"end":{"line":173,"column":19}},"49":{"start":{"line":174,"column":4},"end":{"line":174,"column":39}},"50":{"start":{"line":179,"column":2},"end":{"line":179,"column":54}},"51":{"start":{"line":180,"column":18},"end":{"line":180,"column":44}},"52":{"start":{"line":181,"column":2},"end":{"line":206,"column":4}},"53":{"start":{"line":201,"column":4},"end":{"line":201,"column":19}},"54":{"start":{"line":202,"column":4},"end":{"line":202,"column":20}},"55":{"start":{"line":204,"column":4},"end":{"line":204,"column":19}},"56":{"start":{"line":205,"column":4},"end":{"line":205,"column":39}},"57":{"start":{"line":210,"column":2},"end":{"line":210,"column":57}},"58":{"start":{"line":211,"column":18},"end":{"line":211,"column":44}},"59":{"start":{"line":212,"column":20},"end":{"line":212,"column":45}},"60":{"start":{"line":213,"column":18},"end":{"line":213,"column":28}},"61":{"start":{"line":214,"column":2},"end":{"line":239,"column":4}},"62":{"start":{"line":234,"column":4},"end":{"line":234,"column":19}},"63":{"start":{"line":235,"column":4},"end":{"line":235,"column":20}},"64":{"start":{"line":237,"column":4},"end":{"line":237,"column":19}},"65":{"start":{"line":238,"column":4},"end":{"line":238,"column":39}},"66":{"start":{"line":243,"column":2},"end":{"line":243,"column":79}},"67":{"start":{"line":244,"column":18},"end":{"line":244,"column":44}},"68":{"start":{"line":245,"column":20},"end":{"line":245,"column":45}},"69":{"start":{"line":246,"column":18},"end":{"line":246,"column":28}},"70":{"start":{"line":247,"column":2},"end":{"line":281,"column":4}},"71":{"start":{"line":276,"column":4},"end":{"line":276,"column":19}},"72":{"start":{"line":277,"column":4},"end":{"line":277,"column":20}},"73":{"start":{"line":279,"column":4},"end":{"line":279,"column":19}},"74":{"start":{"line":280,"column":4},"end":{"line":280,"column":39}},"75":{"start":{"line":285,"column":2},"end":{"line":285,"column":60}},"76":{"start":{"line":286,"column":18},"end":{"line":286,"column":44}},"77":{"start":{"line":287,"column":20},"end":{"line":287,"column":48}},"78":{"start":{"line":288,"column":18},"end":{"line":288,"column":28}},"79":{"start":{"line":289,"column":2},"end":{"line":321,"column":4}},"80":{"start":{"line":316,"column":4},"end":{"line":316,"column":19}},"81":{"start":{"line":317,"column":4},"end":{"line":317,"column":20}},"82":{"start":{"line":319,"column":4},"end":{"line":319,"column":19}},"83":{"start":{"line":320,"column":4},"end":{"line":320,"column":39}},"84":{"start":{"line":325,"column":2},"end":{"line":325,"column":59}},"85":{"start":{"line":326,"column":2},"end":{"line":338,"column":4}},"86":{"start":{"line":333,"column":4},"end":{"line":333,"column":19}},"87":{"start":{"line":334,"column":4},"end":{"line":334,"column":20}},"88":{"start":{"line":336,"column":4},"end":{"line":336,"column":19}},"89":{"start":{"line":337,"column":4},"end":{"line":337,"column":39}},"90":{"start":{"line":342,"column":2},"end":{"line":342,"column":52}},"91":{"start":{"line":343,"column":18},"end":{"line":343,"column":44}},"92":{"start":{"line":344,"column":2},"end":{"line":369,"column":4}},"93":{"start":{"line":364,"column":4},"end":{"line":364,"column":19}},"94":{"start":{"line":365,"column":4},"end":{"line":365,"column":20}},"95":{"start":{"line":367,"column":4},"end":{"line":367,"column":19}},"96":{"start":{"line":368,"column":4},"end":{"line":368,"column":39}},"97":{"start":{"line":373,"column":2},"end":{"line":373,"column":26}},"98":{"start":{"line":374,"column":18},"end":{"line":374,"column":44}},"99":{"start":{"line":375,"column":2},"end":{"line":380,"column":4}},"100":{"start":{"line":376,"column":4},"end":{"line":376,"column":19}},"101":{"start":{"line":378,"column":4},"end":{"line":378,"column":19}},"102":{"start":{"line":379,"column":4},"end":{"line":379,"column":39}},"103":{"start":{"line":384,"column":2},"end":{"line":384,"column":29}},"104":{"start":{"line":385,"column":20},"end":{"line":385,"column":45}},"105":{"start":{"line":386,"column":2},"end":{"line":407,"column":4}},"106":{"start":{"line":403,"column":4},"end":{"line":403,"column":19}},"107":{"start":{"line":405,"column":4},"end":{"line":405,"column":19}},"108":{"start":{"line":406,"column":4},"end":{"line":406,"column":39}},"109":{"start":{"line":411,"column":2},"end":{"line":411,"column":31}},"110":{"start":{"line":412,"column":17},"end":{"line":412,"column":42}},"111":{"start":{"line":413,"column":13},"end":{"line":413,"column":39}},"112":{"start":{"line":414,"column":2},"end":{"line":440,"column":4}},"113":{"start":{"line":415,"column":4},"end":{"line":439,"column":5}},"114":{"start":{"line":416,"column":6},"end":{"line":438,"column":8}},"115":{"start":{"line":433,"column":8},"end":{"line":433,"column":30}},"116":{"start":{"line":434,"column":8},"end":{"line":434,"column":23}},"117":{"start":{"line":436,"column":8},"end":{"line":436,"column":23}},"118":{"start":{"line":437,"column":8},"end":{"line":437,"column":41}},"119":{"start":{"line":444,"column":2},"end":{"line":444,"column":50}},"120":{"start":{"line":445,"column":13},"end":{"line":445,"column":39}},"121":{"start":{"line":446,"column":2},"end":{"line":462,"column":4}},"122":{"start":{"line":447,"column":4},"end":{"line":461,"column":5}},"123":{"start":{"line":448,"column":19},"end":{"line":448,"column":47}},"124":{"start":{"line":449,"column":21},"end":{"line":449,"column":38}},"125":{"start":{"line":450,"column":26},"end":{"line":450,"column":41}},"126":{"start":{"line":451,"column":6},"end":{"line":460,"column":8}},"127":{"start":{"line":455,"column":8},"end":{"line":455,"column":30}},"128":{"start":{"line":456,"column":8},"end":{"line":456,"column":23}},"129":{"start":{"line":458,"column":8},"end":{"line":458,"column":23}},"130":{"start":{"line":459,"column":8},"end":{"line":459,"column":41}},"131":{"start":{"line":466,"column":2},"end":{"line":466,"column":51}},"132":{"start":{"line":467,"column":13},"end":{"line":467,"column":39}},"133":{"start":{"line":468,"column":2},"end":{"line":484,"column":4}},"134":{"start":{"line":469,"column":4},"end":{"line":483,"column":5}},"135":{"start":{"line":470,"column":20},"end":{"line":470,"column":49}},"136":{"start":{"line":471,"column":21},"end":{"line":471,"column":38}},"137":{"start":{"line":472,"column":26},"end":{"line":472,"column":41}},"138":{"start":{"line":473,"column":6},"end":{"line":482,"column":8}},"139":{"start":{"line":477,"column":8},"end":{"line":477,"column":30}},"140":{"start":{"line":478,"column":8},"end":{"line":478,"column":23}},"141":{"start":{"line":480,"column":8},"end":{"line":480,"column":23}},"142":{"start":{"line":481,"column":8},"end":{"line":481,"column":41}},"143":{"start":{"line":488,"column":2},"end":{"line":488,"column":47}},"144":{"start":{"line":489,"column":13},"end":{"line":489,"column":39}},"145":{"start":{"line":490,"column":2},"end":{"line":502,"column":4}},"146":{"start":{"line":491,"column":4},"end":{"line":501,"column":5}},"147":{"start":{"line":492,"column":6},"end":{"line":500,"column":8}},"148":{"start":{"line":495,"column":8},"end":{"line":495,"column":30}},"149":{"start":{"line":496,"column":8},"end":{"line":496,"column":23}},"150":{"start":{"line":498,"column":8},"end":{"line":498,"column":23}},"151":{"start":{"line":499,"column":8},"end":{"line":499,"column":41}},"152":{"start":{"line":506,"column":2},"end":{"line":506,"column":53}},"153":{"start":{"line":507,"column":13},"end":{"line":507,"column":39}},"154":{"start":{"line":508,"column":2},"end":{"line":520,"column":4}},"155":{"start":{"line":509,"column":4},"end":{"line":519,"column":5}},"156":{"start":{"line":510,"column":6},"end":{"line":518,"column":8}},"157":{"start":{"line":513,"column":8},"end":{"line":513,"column":30}},"158":{"start":{"line":514,"column":8},"end":{"line":514,"column":23}},"159":{"start":{"line":516,"column":8},"end":{"line":516,"column":23}},"160":{"start":{"line":517,"column":8},"end":{"line":517,"column":41}},"161":{"start":{"line":524,"column":2},"end":{"line":524,"column":46}},"162":{"start":{"line":528,"column":2},"end":{"line":528,"column":46}},"163":{"start":{"line":529,"column":13},"end":{"line":529,"column":39}},"164":{"start":{"line":530,"column":2},"end":{"line":556,"column":4}},"165":{"start":{"line":531,"column":4},"end":{"line":555,"column":5}},"166":{"start":{"line":532,"column":6},"end":{"line":554,"column":7}},"167":{"start":{"line":533,"column":8},"end":{"line":542,"column":10}},"168":{"start":{"line":537,"column":10},"end":{"line":537,"column":32}},"169":{"start":{"line":538,"column":10},"end":{"line":538,"column":25}},"170":{"start":{"line":540,"column":10},"end":{"line":540,"column":25}},"171":{"start":{"line":541,"column":10},"end":{"line":541,"column":43}},"172":{"start":{"line":544,"column":8},"end":{"line":553,"column":10}},"173":{"start":{"line":548,"colum
[...]
umn":38}},"loc":{"start":{"line":88,"column":48},"end":{"line":95,"column":9}},"line":88},"16":{"name":"(anonymous_16)","decl":{"start":{"line":92,"column":18},"end":{"line":92,"column":19}},"loc":{"start":{"line":92,"column":24},"end":{"line":94,"column":11}},"line":92},"17":{"name":"(anonymous_17)","decl":{"start":{"line":96,"column":15},"end":{"line":96,"column":16}},"loc":{"start":{"line":96,"column":26},"end":{"line":99,"column":7}},"line":96},"18":{"name":"editSprint","decl":{"start":{"line":104,"column":15},"end":{"line":104,"column":25}},"loc":{"start":{"line":104,"column":36},"end":{"line":149,"column":1}},"line":104},"19":{"name":"(anonymous_19)","decl":{"start":{"line":108,"column":27},"end":{"line":108,"column":28}},"loc":{"start":{"line":108,"column":39},"end":{"line":148,"column":3}},"line":108},"20":{"name":"(anonymous_20)","decl":{"start":{"line":110,"column":35},"end":{"line":110,"column":36}},"loc":{"start":{"line":110,"column":46},"end":{"line":146,"column":7}},"line":110},"21":{"name":"(anonymous_21)","decl":{"start":{"line":119,"column":18},"end":{"line":119,"column":19}},"loc":{"start":{"line":119,"column":24},"end":{"line":126,"column":11}},"line":119},"22":{"name":"(anonymous_22)","decl":{"start":{"line":122,"column":20},"end":{"line":122,"column":21}},"loc":{"start":{"line":122,"column":33},"end":{"line":125,"column":13}},"line":122},"23":{"name":"(anonymous_23)","decl":{"start":{"line":126,"column":19},"end":{"line":126,"column":20}},"loc":{"start":{"line":126,"column":28},"end":{"line":129,"column":11}},"line":126},"24":{"name":"(anonymous_24)","decl":{"start":{"line":134,"column":18},"end":{"line":134,"column":19}},"loc":{"start":{"line":134,"column":24},"end":{"line":141,"column":11}},"line":134},"25":{"name":"(anonymous_25)","decl":{"start":{"line":137,"column":20},"end":{"line":137,"column":21}},"loc":{"start":{"line":137,"column":33},"end":{"line":140,"column":13}},"line":137},"26":{"name":"(anonymous_26)","decl":{"start":{"line":141,"column":19},"end":{"line":141,"column":20}},"loc":{"start":{"line":141,"column":28},"end":{"line":144,"column":11}},"line":141},"27":{"name":"deleteSprint","decl":{"start":{"line":151,"column":15},"end":{"line":151,"column":27}},"loc":{"start":{"line":151,"column":38},"end":{"line":158,"column":1}},"line":151},"28":{"name":"(anonymous_28)","decl":{"start":{"line":154,"column":41},"end":{"line":154,"column":42}},"loc":{"start":{"line":154,"column":47},"end":{"line":157,"column":3}},"line":154}},"branchMap":{"0":{"loc":{"start":{"line":69,"column":4},"end":{"line":100,"column":5}},"type":"if","locations":[{"start":{"line":69,"column":4},"end":{"line":100,"column":5}},{"start":{"line":69,"column":4},"end":{"line":100,"column":5}}],"line":69},"1":{"loc":{"start":{"line":109,"column":4},"end":{"line":147,"column":5}},"type":"if","locations":[{"start":{"line":109,"column":4},"end":{"line":147,"column":5}},{"start":{"line":109,"column":4},"end":{"line":147,"column":5}}],"line":109},"2":{"loc":{"start":{"line":115,"column":8},"end":{"line":145,"column":9}},"type":"if","locations":[{"start":{"line":115,"column":8},"end":{"line":145,"column":9}},{"start":{"line":115,"column":8},"end":{"line":145,"column":9}}],"line":115}},"s":{"0":1,"1":1,"2":1,"3":1,"4":1,"5":1,"6":1,"7":0,"8":0,"9":1,"10":1,"11":1,"12":1,"13":0,"14":0,"15":0,"16":0,"17":0,"18":0,"19":0,"20":0,"21":0,"22":0,"23":0,"24":0,"25":0,"26":0,"27":0,"28":0,"29":0,"30":0,"31":0,"32":0,"33":0,"34":0,"35":0,"36":0,"37":0,"38":0,"39":0,"40":0,"41":0,"42":0,"43":0,"44":0,"45":0,"46":0,"47":0,"48":0,"49":0,"50":0,"51":0,"52":0,"53":0,"54":0,"55":0,"56":0,"57":0,"58":0,"59":0,"60":0,"61":0,"62":0,"63":0,"64":0,"65":0,"66":0,"67":1,"68":1,"69":1,"70":1,"71":1,"72":1,"73":1},"f":{"0":1,"1":1,"2":0,"3":1,"4":1,"5":0,"6":0,"7":0,"8":0,"9":0,"10":0,"11":0,"12":0,"13":0,"14":0,"15":0,"16":0,"17":0,"18":0,"19":0,"20":0,"21":0,"22":0,"23":0,"24":0,"25":0,"26":0,"27":0,"28":0},"b":{"0":[0,0],"1":[0,0],"2":[0,0]},"_coverageSchema":"332fd63041d2c1bcb487cc26dd0d5f7d97098a6c","hash":"253951a3a50d8c36c7618fafbeddcd1d5096b8a1","contentHash":"e2cacf7b6cfe7592ee5d805ac143d166_11.7.3"},"/Users/migleberesineviciute/Documents/GitHub/omnium/server/controllers/user.js":{"path":"/Users/migleberesineviciute/Documents/GitHub/omnium/server/controllers/user.js","statementMap":{"0":{"start":{"line":3,"column":15},"end":{"line":3,"column":42}},"1":{"start":{"line":4,"column":17},"end":{"line":4,"column":43}},"2":{"start":{"line":5,"column":15},"end":{"line":5,"column":32}},"3":{"start":{"line":6,"column":27},"end":{"line":6,"column":63}},"4":{"start":{"line":7,"column":15},"end":{"line":7,"column":45}},"5":{"start":{"line":11,"column":2},"end":{"line":11,"column":38}},"6":{"start":{"line":12,"column":2},"end":{"line":18,"column":4}},"7":{"start":{"line":13,"column":4},"end":{"line":13,"column":19}},"8":{"start":{"line":14,"column":4},"end":{"line":14,"column":19}},"9":{"start":{"line":16,"column":4},"end":{"line":16,"column":19}},"10":{"start":{"line":17,"column":4},"end":{"line":17,"column":39}},"11":{"start":{"line":22,"column":2},"end":{"line":22,"column":31}},"12":{"start":{"line":23,"column":2},"end":{"line":46,"column":4}},"13":{"start":{"line":29,"column":4},"end":{"line":42,"column":5}},"14":{"start":{"line":30,"column":19},"end":{"line":30,"column":27}},"15":{"start":{"line":31,"column":6},"end":{"line":36,"column":8}},"16":{"start":{"line":37,"column":6},"end":{"line":37,"column":21}},"17":{"start":{"line":38,"column":6},"end":{"line":38,"column":20}},"18":{"start":{"line":40,"column":6},"end":{"line":40,"column":21}},"19":{"start":{"line":41,"column":6},"end":{"line":41,"column":20}},"20":{"start":{"line":44,"column":4},"end":{"line":44,"column":19}},"21":{"start":{"line":45,"column":4},"end":{"line":45,"column":39}},"22":{"start":{"line":50,"column":2},"end":{"line":50,"column":51}},"23":{"start":{"line":51,"column":2},"end":{"line":61,"column":4}},"24":{"start":{"line":56,"column":4},"end":{"line":56,"column":19}},"25":{"start":{"line":57,"column":4},"end":{"line":57,"column":19}},"26":{"start":{"line":59,"column":4},"end":{"line":59,"column":19}},"27":{"start":{"line":60,"column":4},"end":{"line":60,"column":39}},"28":{"start":{"line":65,"column":2},"end":{"line":65,"column":25}},"29":{"start":{"line":66,"column":13},"end":{"line":66,"column":38}},"30":{"start":{"line":67,"column":2},"end":{"line":72,"column":4}},"31":{"start":{"line":68,"column":4},"end":{"line":68,"column":18}},"32":{"start":{"line":70,"column":4},"end":{"line":70,"column":19}},"33":{"start":{"line":71,"column":4},"end":{"line":71,"column":39}},"34":{"start":{"line":76,"column":2},"end":{"line":76,"column":36}},"35":{"start":{"line":77,"column":2},"end":{"line":77,"column":23}},"36":{"start":{"line":78,"column":2},"end":{"line":106,"column":4}},"37":{"start":{"line":85,"column":4},"end":{"line":105,"column":5}},"38":{"start":{"line":86,"column":6},"end":{"line":101,"column":8}},"39":{"start":{"line":97,"column":8},"end":{"line":97,"column":22}},"40":{"start":{"line":99,"column":8},"end":{"line":99,"column":23}},"41":{"start":{"line":100,"column":8},"end":{"line":100,"column":43}},"42":{"start":{"line":103,"column":6},"end":{"line":103,"column":21}},"43":{"start":{"line":104,"column":6},"end":{"line":104,"column":49}},"44":{"start":{"line":110,"column":2},"end":{"line":110,"column":28}},"45":{"start":{"line":111,"column":2},"end":{"line":126,"column":4}},"46":{"start":{"line":122,"column":4},"end":{"line":122,"column":18}},"47":{"start":{"line":124,"column":4},"end":{"line":124,"column":19}},"48":{"start":{"line":125,"column":4},"end":{"line":125,"column":39}},"49":{"start":{"line":130,"column":2},"end":{"line":130,"column":30}},"50":{"start":{"line":131,"column":13},"end":{"line":131,"column":38}},"51":{"start":{"line":132,"column":2},"end":{"line":152,"column":4}},"52":{"start":{"line":133,"column":4},"end":{"line":151,"column":5}},"53":{"start":{"line":134,"column":6},"end":{"line":150,"column":8}},"54":{"start":{"line":145,"column":8},"end":{"line":145,"column":29}},"55":{"start":{"line":146,"column":8},"end":{"line":146,"column":23}},"56":{"start":{"line":148,"column":8},"end":{"line":148,"column":23}},"57":{"start":{"line":149,"column":8},"end":{"line":149,"column":41}},"58":{"start":{"line":156,"column":2},"end":{"line":156,"column":31}},"59":{"start":{"line":157,"column":13},"end":{"line":157,"column":38}},"60":{"start":{"line":158,"column":2},"end":{"line":170,"column":4}},"61":{"start":{"line":159,"column":4},"end":{"line":169,"column":5}},"62":{"start":{"line":160,"column":6},"end":{"line":168,"column":8}},"63":{"start":{"line":163,"column":8},"end":{"line":163,"column":29}},"64":{"start":{"line":164,"column":8},"end":{"line":164,"column":23}},"65":{"start":{"line":166,"column":8},"end":{"line":166,"column":23}},"66":{"start":{"line":167,"column":8},"end":{"line":167,"column":41}},"67":{"start":{"line":174,"column":2},"end":{"line":174,"column":28}},"68":{"start":{"line":175,"column":13},"end":{"line":175,"column":38}},"69":{"start":{"line":176,"column":2},"end":{"line":179,"column":4}},"70":{"start":{"line":177,"column":4},"end":{"line":177,"column":19}},"71":{"start":{"line":178,"column":4},"end":{"line":178,"column":14}},"72":{"start":{"line":183,"column":2},"end":{"line":183,"column":28}},"73":{"start":{"line":184,"column":19},"end":{"line":184,"column":27}},"74":{"start":{"line":185,"column":2},"end":{"line":185,"column":28}},"75":{"start":{"line":186,"column":2},"end":{"line":199,"column":4}},"76":{"start":{"line":193,"column":4},"end":{"line":193,"column":42}},"77":{"start":{"line":194,"column":4},"end":{"line":194,"column":37}},"78":{"start":{"line":195,"column":4},"end":{"line":195,"column":20}},"79":{"start":{"line":197,"column":4},"end":{"line":197,"column":20}},"80":{"start":{"line":198,"column":4},"end":{"line":198,"column":40}},"81":{"start":{"line":202,"column":2},"end":{"line":202,"column":35}},"82":{"start":{"line":203,"column":15},"end":{"line":203,"column":23}},"83":{"start":{"line":204,"column":16},"end":{"line":204,"column":66}},"84":{"start":{"line":205,"column":2},"end":{"line":205,"column":28}},"85":{"start":{"line":206,"column":2},"end":{"line":220,"column":4}},"86":{"start":{"line":214,"column":4},"end":{"line":214,"column":26}},"87":{"start":{"line":215,"column":4},"end":{"line":215,"column":26}},"88":{"start":{"line":216,"column":4},"end":{"line":216,"column":20}},"89":{"start":{"line":218,"column":4},"end":{"line":218,"column":20}},"90":{"start":{"line":219,"column":4},"end":{"line":219,"column":40}},"91":{"start":{"line":223,"column":0},"end":{"line":223,"column":38}},"92":{"start":{"line":224,"column":0},"end":{"line":224,"column":45}},"93":{"start":{"line":225,"column":0},"end":{"line":225,"column":61}},"94":{"start":{"line":226,"column":0},"end":{"line":226,"column":41}},"95":{"start":{"line":227,"column":0},"end":{"line":227,"column":37}},"96":{"start":{"line":228,"column":0},"end":{"line":228,"column":46}},"97":{"start":{"line":229,"column":0},"end":{"line":229,"column":42}},"98":{"start":{"line":230,"column":0},"end":{"line":230,"column":56}},"99":{"start":{"line":231,"column":0},"end":{"line":231,"column":42}},"100":{"start":{"line":232,"column":0},"end":{"line":232,"column":60}},"101":{"start":{"line":233,"column":0},"end":{"line":233,"column":47}},"102":{"start":{"line":235,"column":0},"end":{"line":245,"column":1}}},"fnMap":{"0":{"name":"getUsersList","decl":{"start":{"line":10,"column":15},"end":{"line":10,"column":27}},"loc":{"start":{"line":10,"column":38},"end":{"line":19,"column":1}},"line":10},"1":{"name":"(anonymous_1)","decl":{"start":{"line":12,"column":24},"end":{"line":12,"column":25}},"loc":{"start":{"line":12,"column":35},"end":{"line":15,"column":3}},"line":12},"2":{"name":"(anonymous_2)","decl":{"start":{"line":15,"column":11},"end":{"line":15,"column":12}},"loc":{"start":{"line":15,"column":22},"end":{"line":18,"column":3}},"line":15},"3":{"name":"getUserLogin","decl":{"start":{"line":21,"column":15},"end":{"line":21,"column":27}},"loc":{"start":{"line":21,"column":38},"end":{"line":47,"column":1}},"line":21},"4":{"name":"(anonymous_4)","decl":{"start":{"line":28,"column":10},"end":{"line":28,"column":11}},"loc":{"start":{"line":28,"column":21},"end":{"line":43,"column":3}},"line":28},"5":{"name":"(anonymous_5)","decl":{"start":{"line":43,"column":11},"end":{"line":43,"column":12}},"loc":{"start":{"line":43,"column":22},"end":{"line":46,"column":3}},"line":43},"6":{"name":"getUsersListNotApproved","decl":{"start":{"line":49,"column":15},"end":{"line":49,"column":38}},"loc":{"start":{"line":49,"column":49},"end":{"line":62,"column":1}},"line":49},"7":{"name":"(anonymous_7)","decl":{"start":{"line":55,"column":10},"end":{"line":55,"column":11}},"loc":{"start":{"line":55,"column":21},"end":{"line":58,"column":3}},"line":55},"8":{"name":"(anonymous_8)","decl":{"start":{"line":58,"column":11},"end":{"line":58,"column":12}},"loc":{"start":{"line":58,"column":22},"end":{"line":61,"column":3}},"line":58},"9":{"name":"getUser","decl":{"start":{"line":64,"column":15},"end":{"line":64,"column":22}},"loc":{"start":{"line":64,"column":33},"end":{"line":73,"column":1}},"line":64},"10":{"name":"(anonymous_10)","decl":{"start":{"line":67,"column":25},"end":{"line":67,"column":26}},"loc":{"start":{"line":67,"column":35},"end":{"line":69,"column":3}},"line":67},"11":{"name":"(anonymous_11)","decl":{"start":{"line":69,"column":11},"end":{"line":69,"column":12}},"loc":{"start":{"line":69,"column":22},"end":{"line":72,"column":3}},"line":69},"12":{"name":"createUserRequest","decl":{"start":{"line":75,"column":15},"end":{"line":75,"column":32}},"loc":{"start":{"line":75,"column":43},"end":{"line":107,"column":1}},"line":75},"13":{"name":"(anonymous_13)","decl":{"start":{"line":84,"column":10},"end":{"line":84,"column":11}},"loc":{"start":{"line":84,"column":21},"end":{"line":106,"column":3}},"line":84},"14":{"name":"(anonymous_14)","decl":{"start":{"line":96,"column":14},"end":{"line":96,"column":15}},"loc":{"start":{"line":96,"column":24},"end":{"line":98,"column":7}},"line":96},"15":{"name":"(anonymous_15)","decl":{"start":{"line":98,"column":15},"end":{"line":98,"column":16}},"loc":{"start":{"line":98,"column":26},"end":{"line":101,"column":7}},"line":98},"16":{"name":"createUser","decl":{"start":{"line":109,"column":15},"end":{"line":109,"column":25}},"loc":{"start":{"line":109,"column":36},"end":{"line":127,"column":1}},"line":109},"17":{"name":"(anonymous_17)","decl":{"start":{"line":121,"column":10},"end":{"line":121,"column":11}},"loc":{"start":{"line":121,"column":20},"end":{"line":123,"column":3}},"line":121},"18":{"name":"(anonymous_18)","decl":{"start":{"line":123,"column":11},"end":{"line":123,"column":12}},"loc":{"start":{"line":123,"column":22},"end":{"line":126,"column":3}},"line":123},"19":{"name":"editUser","decl":{"start":{"line":129,"column":15},"end":{"line":129,"column":23}},"loc":{"start":{"line":129,"column":34},"end":{"line":153,"column":1}},"line":129},"20":{"name":"(anonymous_20)","decl":{"start":{"line":132,"column":25},"end":{"line":132,"column":26}},"loc":{"start":{"line":132,"column":35},"end":{"line":152,"column":3}},"line":132},"21":{"name":"(anonymous_21)","decl":{"start":{"line":144,"column":14},"end":{"line":144,"column":15}},"loc":{"start":{"line":144,"column":31},"end":{"line":147,"column":7}},"line":144},"22":{"name":"(anonymous_22)","decl":{"start":{"line":147,"column":15},"end":{"line":147,"column":16}},"loc":{"start":{"line":147,"column":24},"end":{"line":150,"column":7}},"line":147},"23":{"name":"updateApproveValue","decl":{"start":{"line":155,"column":15},"end":{"line":155,"column":33}},"loc":{"start":{"line":155,"column":44},"end":{"line":171,"column":1}},"line":155},"24":{"name":"(anonymous_24)","decl":{"start":{"line":158,"column":25},"end":{"line":158,"column":26}},"loc":{"start":{"line":158,"column":35},"end":{"line":170,"column":3}},"line":158},"25":{"name":"(anonymous_25)","decl":{"start":{"line":162,"column":14},"end":{"line":162,"column":15}},"loc":{"start":{"line":162,"column":31},"end":{"line":165,"column":7}},"line":162},"26":{"name":"(anonymous_26)","decl":{"start":{"line":165,"column":15},"end":{"line":165,"column":16}},"loc":{"start":{"line":165,"column":24},"end":{"line":168,"column":7}},"line":165},"27":{"name":"deleteUser","decl":{"start":{"line":173,"column":15},"end":{"line":173,"column":25}},"loc":{"start":{"line":173,"column":36},"end":{"line":180,"column":1}},"line":173},"28":{"name":"(anonymous_28)","decl":{"start":{"line":176,"column":39},"end":{"line":176,"column":40}},"loc":{"start":{"line":176,"column":45},"end":{"line":179,"column":3}},"line":176},"29":{"name":"findUser","decl":{"start":{"line":182,"column":15},"end":{"line":182,"column":23}},"loc":{"start":{"line":182,"column":35},"end":{"line":200,"column":1}},"line":182},"30":{"name":"(anonymous_30)","decl":{"start":{"line":192,"column":10},"end":{"line":192,"column":11}},"loc":{"start":{"line":192,"column":31},"end":{"line":196,"column":3}},"line":192},"31":{"name":"(anonymous_31)","decl":{"start":{"line":196,"column":11},"end":{"line":196,"column":12}},"loc":{"start":{"line":196,"column":22},"end":{"line":199,"column":3}},"line":196},"32":{"name":"createLoggedUser","decl":{"start":{"line":201,"column":15},"end":{"line":201,"column":31}},"loc":{"start":{"line":201,"column":43},"end":{"line":221,"column":1}},"line":201},"33":{"name":"(anonymous_33)","decl":{"start":{"line":213,"column":10},"end":{"line":213,"column":11}},"loc":{"start":{"line":213,"column":27},"end":{"line":217,"column":3}},"line":213},"34":{"name":"(anonymous_34)","decl":{"start":{"line":217,"column":11},"end":{"line":217,"column":12}},"loc":{"start":{"line":217,"column":22},"end":{"line":220,"column":3}},"line":217}},"branchMap":{"0":{"loc":{"start":{"line":29,"column":4},"end":{"line":42,"column":5}},"type":"if","locations":[{"start":{"line":29,"column":4},"end":{"line":42,"column":5}},{"start":{"line":29,"column":4},"end":{"line":42,"column":5}}],"line":29},"1":{"loc":{"start":{"line":85,"column":4},"end":{"line":105,"column":5}},"type":"if","locations":[{"start":{"line":85,"column":4},"end":{"line":105,"column":5}},{"start":{"line":85,"column":4},"end":{"line":105,"column":5}}],"line":85},"2":{"loc":{"start":{"line":133,"column":4},"end":{"line":151,"column":5}},"type":"if","locations":[{"start":{"line":133,"column":4},"end":{"line":151,"column":5}},{"start":{"line":133,"column":4},"end":{"line":151,"column":5}}],"line":133},"3":{"loc":{"start":{"line":159,"column":4},"end":{"line":169,"column":5}},"type":"if","locations":[{"start":{"line":159,"column":4},"end":{"line":169,"column":5}},{"start":{"line":159,"column":4},"end":{"line":169,"column":5}}],"line":159}},"s":{"0":1,"1":1,"2":1,"3":1,"4":1,"5":1,"6":1,"7":1,"8":1,"9":0,"10":0,"11":0,"12":0,"13":0,"14":0,"15":0,"16":0,"17":0,"18":0,"19":0,"20":0,"21":0,"22":1,"23":1,"24":1,"25":1,"26":0,"27":0,"28":1,"29":1,"30":1,"31":1,"32":0,"33":0,"34":0,"35":0,"36":0,"37":0,"38":0,"39":0,"40":0,"41":0,"42":0,"43":0,"44":0,"45":0,"46":0,"47":0,"48":0,"49":0,"50":0,"51":0,"52":0,"53":0,"54":0,"55":0,"56":0,"57":0,"58":0,"59":0,"60":0,"61":0,"62":0,"63":0,"64":0,"65":0,"66":0,"67":0,"68":0,"69":0,"70":0,"71":0,"72":0,"73":0,"74":0,"75":0,"76":0,"77":0,"78":0,"79":0,"80":0,"81":0,"82":0,"83":0,"84":0,"85":0,"86":0,"87":0,"88":0,"89":0,"90":0,"91":1,"92":1,"93":1,"94":1,"95":1,"96":1,"97":1,"98":1,"99":1,"100":1,"101":1,"102":1},"f":{"0":1,"1":1,"2":0,"3":0,"4":0,"5":0,"6":1,"7":1,"8":0,"9":1,"10":1,"11":0,"12":0,"13":0,"14":0,"15":0,"16":0,"17":0,"18":0,"19":0,"20":0,"21":0,"22":0,"23":0,"24":0,"25":0,"26":0,"27":0,"28":0,"29":0,"30":0,"31":0,"32":0,"33":0,"34":0},"b":{"0":[0,0],"1":[0,0],"2":[0,0],"3":[0,0]},"_coverageSchema":"332fd63041d2c1bcb487cc26dd0d5f7d97098a6c","hash":"7228ec0e6792f4974c13a9a6e0f85158406c6dd1","contentHash":"cce9b369b4baf4a1205083982349b141_11.7.3"}}